{"C:\\Users\\abhis\\Downloads\\Profytron-build1\\apps\\api\\src\\app.controller.ts": {"path":"C:\\Users\\abhis\\Downloads\\Profytron-build1\\apps\\api\\src\\app.controller.ts","statementMap":{"0":{"start":{"line":1,"column":0},"end":{"line":1,"column":49}},"1":{"start":{"line":2,"column":0},"end":{"line":2,"column":43}},"2":{"start":{"line":5,"column":7},"end":{"line":12,"column":null}},"3":{"start":{"line":6,"column":31},"end":{"line":6,"column":43}},"4":{"start":{"line":10,"column":4},"end":{"line":10,"column":38}},"5":{"start":{"line":5,"column":13},"end":{"line":5,"column":26}},"6":{"start":{"line":9,"column":2},"end":{"line":11,"column":null}},"7":{"start":{"line":5,"column":13},"end":{"line":12,"column":null}}},"fnMap":{"0":{"name":"(anonymous_2)","decl":{"start":{"line":6,"column":2},"end":{"line":6,"column":31}},"loc":{"start":{"line":6,"column":53},"end":{"line":6,"column":57}}},"1":{"name":"(anonymous_3)","decl":{"start":{"line":9,"column":2},"end":{"line":9,"column":10}},"loc":{"start":{"line":9,"column":10},"end":{"line":11,"column":3}}}},"branchMap":{"0":{"loc":{"start":{"line":6,"column":43},"end":{"line":6,"column":56}},"type":"cond-expr","locations":[{"start":{"line":6,"column":53},"end":{"line":6,"column":56}},{"start":{"line":6,"column":53},"end":{"line":6,"column":56}}]},"1":{"loc":{"start":{"line":6,"column":43},"end":{"line":6,"column":53}},"type":"binary-expr","locations":[{"start":{"line":6,"column":43},"end":{"line":6,"column":56}},{"start":{"line":6,"column":43},"end":{"line":6,"column":53}}]}},"s":{"0":1,"1":1,"2":1,"3":1,"4":1,"5":1,"6":1,"7":1},"f":{"0":1,"1":1},"b":{"0":[1,0],"1":[1,1]}}
,"C:\\Users\\abhis\\Downloads\\Profytron-build1\\apps\\api\\src\\app.module.ts": {"path":"C:\\Users\\abhis\\Downloads\\Profytron-build1\\apps\\api\\src\\app.module.ts","statementMap":{"0":{"start":{"line":1,"column":0},"end":{"line":1,"column":40}},"1":{"start":{"line":2,"column":0},"end":{"line":2,"column":46}},"2":{"start":{"line":3,"column":0},"end":{"line":3,"column":42}},"3":{"start":{"line":4,"column":0},"end":{"line":4,"column":56}},"4":{"start":{"line":5,"column":0},"end":{"line":5,"column":54}},"5":{"start":{"line":6,"column":0},"end":{"line":6,"column":74}},"6":{"start":{"line":7,"column":0},"end":{"line":7,"column":62}},"7":{"start":{"line":8,"column":0},"end":{"line":8,"column":59}},"8":{"start":{"line":9,"column":0},"end":{"line":9,"column":62}},"9":{"start":{"line":10,"column":0},"end":{"line":10,"column":83}},"10":{"start":{"line":11,"column":0},"end":{"line":11,"column":59}},"11":{"start":{"line":12,"column":0},"end":{"line":12,"column":74}},"12":{"start":{"line":13,"column":0},"end":{"line":13,"column":71}},"13":{"start":{"line":14,"column":0},"end":{"line":14,"column":77}},"14":{"start":{"line":15,"column":0},"end":{"line":15,"column":50}},"15":{"start":{"line":16,"column":0},"end":{"line":16,"column":68}},"16":{"start":{"line":17,"column":0},"end":{"line":17,"column":71}},"17":{"start":{"line":46,"column":7},"end":{"line":46,"column":null}},"18":{"start":{"line":46,"column":13},"end":{"line":46,"column":22}},"19":{"start":{"line":46,"column":13},"end":{"line":46,"column":null}}},"fnMap":{},"branchMap":{"0":{"loc":{"start":{"line":24,"column":14},"end":{"line":24,"column":51}},"type":"binary-expr","locations":[{"start":{"line":24,"column":14},"end":{"line":24,"column":36}},{"start":{"line":24,"column":40},"end":{"line":24,"column":51}}]},"1":{"loc":{"start":{"line":25,"column":14},"end":{"line":25,"column":52}},"type":"binary-expr","locations":[{"start":{"line":25,"column":14},"end":{"line":25,"column":44}},{"start":{"line":25,"column":48},"end":{"line":25,"column":52}}]}},"s":{"0":0,"1":0,"2":0,"3":0,"4":0,"5":0,"6":0,"7":0,"8":0,"9":0,"10":0,"11":0,"12":0,"13":0,"14":0,"15":0,"16":0,"17":0,"18":0,"19":0},"f":{},"b":{"0":[0,0],"1":[0,0]}}
,"C:\\Users\\abhis\\Downloads\\Profytron-build1\\apps\\api\\src\\app.service.ts": {"path":"C:\\Users\\abhis\\Downloads\\Profytron-build1\\apps\\api\\src\\app.service.ts","statementMap":{"0":{"start":{"line":1,"column":0},"end":{"line":1,"column":44}},"1":{"start":{"line":4,"column":7},"end":{"line":8,"column":null}},"2":{"start":{"line":6,"column":4},"end":{"line":6,"column":26}},"3":{"start":{"line":4,"column":13},"end":{"line":4,"column":23}},"4":{"start":{"line":4,"column":13},"end":{"line":8,"column":null}}},"fnMap":{"0":{"name":"(anonymous_1)","decl":{"start":{"line":5,"column":2},"end":{"line":5,"column":10}},"loc":{"start":{"line":5,"column":10},"end":{"line":7,"column":3}}}},"branchMap":{},"s":{"0":1,"1":1,"2":1,"3":1,"4":1},"f":{"0":1},"b":{}}
,"C:\\Users\\abhis\\Downloads\\Profytron-build1\\apps\\api\\src\\main.ts": {"path":"C:\\Users\\abhis\\Downloads\\Profytron-build1\\apps\\api\\src\\main.ts","statementMap":{"0":{"start":{"line":1,"column":0},"end":{"line":1,"column":60}},"1":{"start":{"line":2,"column":0},"end":{"line":2,"column":48}},"2":{"start":{"line":3,"column":0},"end":{"line":3,"column":65}},"3":{"start":{"line":4,"column":0},"end":{"line":4,"column":45}},"4":{"start":{"line":5,"column":0},"end":{"line":5,"column":28}},"5":{"start":{"line":6,"column":0},"end":{"line":6,"column":41}},"6":{"start":{"line":7,"column":0},"end":{"line":7,"column":30}},"7":{"start":{"line":8,"column":0},"end":{"line":8,"column":41}},"8":{"start":{"line":9,"column":0},"end":{"line":9,"column":56}},"9":{"start":{"line":10,"column":0},"end":{"line":10,"column":77}},"10":{"start":{"line":11,"column":0},"end":{"line":11,"column":83}},"11":{"start":{"line":14,"column":14},"end":{"line":17,"column":4}},"12":{"start":{"line":19,"column":2},"end":{"line":19,"column":76}},"13":{"start":{"line":20,"column":2},"end":{"line":20,"column":78}},"14":{"start":{"line":21,"column":2},"end":{"line":21,"column":75}},"15":{"start":{"line":22,"column":2},"end":{"line":22,"column":42}},"16":{"start":{"line":23,"column":2},"end":{"line":23,"column":50}},"17":{"start":{"line":25,"column":2},"end":{"line":25,"column":28}},"18":{"start":{"line":28,"column":2},"end":{"line":33,"column":4}},"19":{"start":{"line":34,"column":2},"end":{"line":34,"column":26}},"20":{"start":{"line":35,"column":2},"end":{"line":44,"column":5}},"21":{"start":{"line":47,"column":26},"end":{"line":47,"column":50}},"22":{"start":{"line":48,"column":2},"end":{"line":48,"column":65}},"23":{"start":{"line":49,"column":2},"end":{"line":49,"column":56}},"24":{"start":{"line":50,"column":2},"end":{"line":56,"column":4}},"25":{"start":{"line":59,"column":24},"end":{"line":65,"column":12}},"26":{"start":{"line":67,"column":19},"end":{"line":67,"column":67}},"27":{"start":{"line":68,"column":2},"end":{"line":68,"column":49}},"28":{"start":{"line":70,"column":15},"end":{"line":70,"column":43}},"29":{"start":{"line":71,"column":2},"end":{"line":71,"column":25}},"30":{"start":{"line":72,"column":2},"end":{"line":72,"column":73}},"31":{"start":{"line":73,"column":2},"end":{"line":73,"column":78}},"32":{"start":{"line":75,"column":0},"end":{"line":75,"column":12}}},"fnMap":{"0":{"name":"bootstrap","decl":{"start":{"line":13,"column":15},"end":{"line":13,"column":24}},"loc":{"start":{"line":13,"column":24},"end":{"line":74,"column":1}}}},"branchMap":{"0":{"loc":{"start":{"line":39,"column":6},"end":{"line":39,"column":57}},"type":"binary-expr","locations":[{"start":{"line":39,"column":6},"end":{"line":39,"column":30}},{"start":{"line":39,"column":34},"end":{"line":39,"column":57}}]},"1":{"loc":{"start":{"line":70,"column":15},"end":{"line":70,"column":43}},"type":"binary-expr","locations":[{"start":{"line":70,"column":15},"end":{"line":70,"column":35}},{"start":{"line":70,"column":39},"end":{"line":70,"column":43}}]}},"s":{"0":0,"1":0,"2":0,"3":0,"4":0,"5":0,"6":0,"7":0,"8":0,"9":0,"10":0,"11":0,"12":0,"13":0,"14":0,"15":0,"16":0,"17":0,"18":0,"19":0,"20":0,"21":0,"22":0,"23":0,"24":0,"25":0,"26":0,"27":0,"28":0,"29":0,"30":0,"31":0,"32":0},"f":{"0":0},"b":{"0":[0,0],"1":[0,0]}}
,"C:\\Users\\abhis\\Downloads\\Profytron-build1\\apps\\api\\src\\common\\crypto.service.ts": {"path":"C:\\Users\\abhis\\Downloads\\Profytron-build1\\apps\\api\\src\\common\\crypto.service.ts","statementMap":{"0":{"start":{"line":1,"column":0},"end":{"line":1,"column":74}},"1":{"start":{"line":2,"column":0},"end":{"line":2,"column":33}},"2":{"start":{"line":5,"column":7},"end":{"line":50,"column":null}},"3":{"start":{"line":6,"column":31},"end":{"line":6,"column":44}},"4":{"start":{"line":11,"column":6},"end":{"line":11,"column":70}},"5":{"start":{"line":13,"column":4},"end":{"line":13,"column":68}},"6":{"start":{"line":17,"column":4},"end":{"line":31,"column":5}},"7":{"start":{"line":18,"column":17},"end":{"line":18,"column":39}},"8":{"start":{"line":19,"column":21},"end":{"line":19,"column":72}},"9":{"start":{"line":20,"column":22},"end":{"line":20,"column":61}},"10":{"start":{"line":21,"column":6},"end":{"line":21,"column":39}},"11":{"start":{"line":22,"column":22},"end":{"line":22,"column":57}},"12":{"start":{"line":24,"column":6},"end":{"line":28,"column":9}},"13":{"start":{"line":30,"column":6},"end":{"line":30,"column":66}},"14":{"start":{"line":35,"column":4},"end":{"line":48,"column":5}},"15":{"start":{"line":36,"column":21},"end":{"line":36,"column":43}},"16":{"start":{"line":37,"column":17},"end":{"line":37,"column":46}},"17":{"start":{"line":38,"column":22},"end":{"line":38,"column":56}},"18":{"start":{"line":39,"column":23},"end":{"line":39,"column":76}},"19":{"start":{"line":40,"column":6},"end":{"line":40,"column":35}},"20":{"start":{"line":42,"column":22},"end":{"line":42,"column":70}},"21":{"start":{"line":43,"column":6},"end":{"line":43,"column":42}},"22":{"start":{"line":45,"column":6},"end":{"line":45,"column":23}},"23":{"start":{"line":47,"column":6},"end":{"line":47,"column":66}},"24":{"start":{"line":5,"column":13},"end":{"line":5,"column":26}},"25":{"start":{"line":5,"column":13},"end":{"line":50,"column":null}}},"fnMap":{"0":{"name":"(anonymous_11)","decl":{"start":{"line":9,"column":2},"end":{"line":9,"column":null}},"loc":{"start":{"line":9,"column":2},"end":{"line":14,"column":3}}},"1":{"name":"(anonymous_12)","decl":{"start":{"line":16,"column":2},"end":{"line":16,"column":9}},"loc":{"start":{"line":16,"column":27},"end":{"line":32,"column":3}}},"2":{"name":"(anonymous_13)","decl":{"start":{"line":34,"column":2},"end":{"line":34,"column":9}},"loc":{"start":{"line":34,"column":28},"end":{"line":49,"column":3}}}},"branchMap":{"0":{"loc":{"start":{"line":11,"column":6},"end":{"line":11,"column":70}},"type":"binary-expr","locations":[{"start":{"line":11,"column":6},"end":{"line":11,"column":32}},{"start":{"line":11,"column":36},"end":{"line":11,"column":70}}]}},"s":{"0":0,"1":0,"2":0,"3":0,"4":0,"5":0,"6":0,"7":0,"8":0,"9":0,"10":0,"11":0,"12":0,"13":0,"14":0,"15":0,"16":0,"17":0,"18":0,"19":0,"20":0,"21":0,"22":0,"23":0,"24":0,"25":0},"f":{"0":0,"1":0,"2":0},"b":{"0":[0,0]}}
,"C:\\Users\\abhis\\Downloads\\Profytron-build1\\apps\\api\\src\\common\\filters\\all-exceptions.filter.ts": {"path":"C:\\Users\\abhis\\Downloads\\Profytron-build1\\apps\\api\\src\\common\\filters\\all-exceptions.filter.ts","statementMap":{"0":{"start":{"line":1,"column":0},"end":{"line":1,"column":null}},"1":{"start":{"line":9,"column":0},"end":{"line":9,"column":47}},"2":{"start":{"line":12,"column":32},"end":{"line":57,"column":null}},"3":{"start":{"line":13,"column":28},"end":{"line":13,"column":64}},"4":{"start":{"line":15,"column":31},"end":{"line":15,"column":48}},"5":{"start":{"line":18,"column":28},"end":{"line":18,"column":48}},"6":{"start":{"line":19,"column":16},"end":{"line":19,"column":35}},"7":{"start":{"line":22,"column":6},"end":{"line":24,"column":42}},"8":{"start":{"line":27,"column":6},"end":{"line":29,"column":33}},"9":{"start":{"line":31,"column":25},"end":{"line":41,"column":6}},"10":{"start":{"line":43,"column":4},"end":{"line":48,"column":5}},"11":{"start":{"line":44,"column":6},"end":{"line":47,"column":8}},"12":{"start":{"line":51,"column":4},"end":{"line":53,"column":5}},"13":{"start":{"line":52,"column":6},"end":{"line":52,"column":51}},"14":{"start":{"line":55,"column":4},"end":{"line":55,"column":67}},"15":{"start":{"line":12,"column":13},"end":{"line":12,"column":32}},"16":{"start":{"line":12,"column":13},"end":{"line":57,"column":null}}},"fnMap":{"0":{"name":"(anonymous_2)","decl":{"start":{"line":15,"column":2},"end":{"line":15,"column":31}},"loc":{"start":{"line":15,"column":63},"end":{"line":15,"column":67}}},"1":{"name":"(anonymous_3)","decl":{"start":{"line":17,"column":2},"end":{"line":17,"column":7}},"loc":{"start":{"line":17,"column":47},"end":{"line":56,"column":3}}}},"branchMap":{"0":{"loc":{"start":{"line":22,"column":6},"end":{"line":24,"column":42}},"type":"cond-expr","locations":[{"start":{"line":23,"column":10},"end":{"line":23,"column":31}},{"start":{"line":24,"column":10},"end":{"line":24,"column":42}}]},"1":{"loc":{"start":{"line":27,"column":6},"end":{"line":29,"column":33}},"type":"cond-expr","locations":[{"start":{"line":28,"column":10},"end":{"line":28,"column":33}},{"start":{"line":29,"column":10},"end":{"line":29,"column":33}}]},"2":{"loc":{"start":{"line":35,"column":8},"end":{"line":37,"column":47}},"type":"cond-expr","locations":[{"start":{"line":36,"column":12},"end":{"line":36,"column":19}},{"start":{"line":37,"column":13},"end":{"line":37,"column":47}}]},"3":{"loc":{"start":{"line":37,"column":13},"end":{"line":37,"column":47}},"type":"binary-expr","locations":[{"start":{"line":37,"column":13},"end":{"line":37,"column":36}},{"start":{"line":37,"column":40},"end":{"line":37,"column":47}}]},"4":{"loc":{"start":{"line":38,"column":13},"end":{"line":38,"column":54}},"type":"binary-expr","locations":[{"start":{"line":38,"column":13},"end":{"line":38,"column":34}},{"start":{"line":38,"column":38},"end":{"line":38,"column":54}}]},"5":{"loc":{"start":{"line":43,"column":4},"end":{"line":48,"column":5}},"type":"if","locations":[{"start":{"line":43,"column":4},"end":{"line":48,"column":5}},{"start":{},"end":{}}]},"6":{"loc":{"start":{"line":51,"column":4},"end":{"line":53,"column":5}},"type":"if","locations":[{"start":{"line":51,"column":4},"end":{"line":53,"column":5}},{"start":{},"end":{}}]},"7":{"loc":{"start":{"line":51,"column":8},"end":{"line":51,"column":67}},"type":"binary-expr","locations":[{"start":{"line":51,"column":8},"end":{"line":51,"column":45}},{"start":{"line":51,"column":49},"end":{"line":51,"column":67}}]},"8":{"loc":{"start":{"line":15,"column":48},"end":{"line":15,"column":66}},"type":"cond-expr","locations":[{"start":{"line":15,"column":63},"end":{"line":15,"column":66}},{"start":{"line":15,"column":63},"end":{"line":15,"column":66}}]},"9":{"loc":{"start":{"line":15,"column":48},"end":{"line":15,"column":63}},"type":"binary-expr","locations":[{"start":{"line":15,"column":48},"end":{"line":15,"column":66}},{"start":{"line":15,"column":48},"end":{"line":15,"column":63}}]}},"s":{"0":0,"1":0,"2":0,"3":0,"4":0,"5":0,"6":0,"7":0,"8":0,"9":0,"10":0,"11":0,"12":0,"13":0,"14":0,"15":0,"16":0},"f":{"0":0,"1":0},"b":{"0":[0,0],"1":[0,0],"2":[0,0],"3":[0,0],"4":[0,0],"5":[0,0],"6":[0,0],"7":[0,0],"8":[0,0],"9":[0,0]}}
,"C:\\Users\\abhis\\Downloads\\Profytron-build1\\apps\\api\\src\\common\\interceptors\\transform.interceptor.ts": {"path":"C:\\Users\\abhis\\Downloads\\Profytron-build1\\apps\\api\\src\\common\\interceptors\\transform.interceptor.ts","statementMap":{"0":{"start":{"line":1,"column":0},"end":{"line":1,"column":null}},"1":{"start":{"line":8,"column":0},"end":{"line":8,"column":37}},"2":{"start":{"line":17,"column":7},"end":{"line":33,"column":null}},"3":{"start":{"line":25,"column":4},"end":{"line":31,"column":6}},"4":{"start":{"line":26,"column":21},"end":{"line":30,"column":8}},"5":{"start":{"line":17,"column":13},"end":{"line":17,"column":33}},"6":{"start":{"line":17,"column":13},"end":{"line":33,"column":null}}},"fnMap":{"0":{"name":"(anonymous_1)","decl":{"start":{"line":21,"column":2},"end":{"line":21,"column":11}},"loc":{"start":{"line":23,"column":21},"end":{"line":32,"column":3}}},"1":{"name":"(anonymous_2)","decl":{"start":{"line":26,"column":10},"end":{"line":26,"column":11}},"loc":{"start":{"line":26,"column":21},"end":{"line":30,"column":8}}}},"branchMap":{},"s":{"0":0,"1":0,"2":0,"3":0,"4":0,"5":0,"6":0},"f":{"0":0,"1":0},"b":{}}
,"C:\\Users\\abhis\\Downloads\\Profytron-build1\\apps\\api\\src\\config\\redis.config.ts": {"path":"C:\\Users\\abhis\\Downloads\\Profytron-build1\\apps\\api\\src\\config\\redis.config.ts","statementMap":{"0":{"start":{"line":1,"column":0},"end":{"line":1,"column":50}},"1":{"start":{"line":2,"column":0},"end":{"line":2,"column":40}},"2":{"start":{"line":4,"column":15},"end":{"line":4,"column":44}},"3":{"start":{"line":6,"column":13},"end":{"line":15,"column":2}},"4":{"start":{"line":11,"column":20},"end":{"line":11,"column":46}},"5":{"start":{"line":12,"column":6},"end":{"line":12,"column":19}},"6":{"start":{"line":17,"column":0},"end":{"line":19,"column":3}},"7":{"start":{"line":18,"column":2},"end":{"line":18,"column":47}},"8":{"start":{"line":21,"column":0},"end":{"line":23,"column":3}},"9":{"start":{"line":22,"column":2},"end":{"line":22,"column":48}}},"fnMap":{"0":{"name":"(anonymous_1)","decl":{"start":{"line":10,"column":4},"end":{"line":10,"column":17}},"loc":{"start":{"line":10,"column":23},"end":{"line":13,"column":5}}},"1":{"name":"(anonymous_2)","decl":{"start":{"line":17,"column":24},"end":{"line":17,"column":25}},"loc":{"start":{"line":17,"column":32},"end":{"line":19,"column":1}}},"2":{"name":"(anonymous_3)","decl":{"start":{"line":21,"column":26},"end":{"line":21,"column":29}},"loc":{"start":{"line":21,"column":31},"end":{"line":23,"column":1}}}},"branchMap":{"0":{"loc":{"start":{"line":7,"column":2},"end":{"line":7,"column":51}},"type":"binary-expr","locations":[{"start":{"line":7,"column":2},"end":{"line":7,"column":23}},{"start":{"line":7,"column":27},"end":{"line":7,"column":51}}]}},"s":{"0":0,"1":0,"2":0,"3":0,"4":0,"5":0,"6":0,"7":0,"8":0,"9":0},"f":{"0":0,"1":0,"2":0},"b":{"0":[0,0]}}
,"C:\\Users\\abhis\\Downloads\\Profytron-build1\\apps\\api\\src\\config\\winston.config.ts": {"path":"C:\\Users\\abhis\\Downloads\\Profytron-build1\\apps\\api\\src\\config\\winston.config.ts","statementMap":{"0":{"start":{"line":1,"column":0},"end":{"line":1,"column":35}},"1":{"start":{"line":2,"column":0},"end":{"line":2,"column":71}},"2":{"start":{"line":4,"column":13},"end":{"line":22,"column":2}}},"fnMap":{},"branchMap":{},"s":{"0":0,"1":0,"2":0},"f":{},"b":{}}
,"C:\\Users\\abhis\\Downloads\\Profytron-build1\\apps\\api\\src\\modules\\admin\\admin.controller.ts": {"path":"C:\\Users\\abhis\\Downloads\\Profytron-build1\\apps\\api\\src\\modules\\admin\\admin.controller.ts","statementMap":{"0":{"start":{"line":1,"column":0},"end":{"line":1,"column":null}},"1":{"start":{"line":12,"column":0},"end":{"line":12,"column":47}},"2":{"start":{"line":13,"column":0},"end":{"line":13,"column":61}},"3":{"start":{"line":14,"column":0},"end":{"line":14,"column":71}},"4":{"start":{"line":15,"column":0},"end":{"line":15,"column":42}},"5":{"start":{"line":21,"column":7},"end":{"line":112,"column":null}},"6":{"start":{"line":22,"column":22},"end":{"line":22,"column":36}},"7":{"start":{"line":25,"column":4},"end":{"line":27,"column":5}},"8":{"start":{"line":26,"column":6},"end":{"line":26,"column":60}},"9":{"start":{"line":33,"column":4},"end":{"line":33,"column":26}},"10":{"start":{"line":34,"column":4},"end":{"line":34,"column":44}},"11":{"start":{"line":40,"column":4},"end":{"line":40,"column":26}},"12":{"start":{"line":41,"column":4},"end":{"line":41,"column":46}},"13":{"start":{"line":47,"column":4},"end":{"line":47,"column":26}},"14":{"start":{"line":48,"column":4},"end":{"line":48,"column":43}},"15":{"start":{"line":54,"column":4},"end":{"line":54,"column":26}},"16":{"start":{"line":55,"column":4},"end":{"line":55,"column":47}},"17":{"start":{"line":65,"column":4},"end":{"line":65,"column":26}},"18":{"start":{"line":66,"column":4},"end":{"line":66,"column":63}},"19":{"start":{"line":76,"column":4},"end":{"line":76,"column":26}},"20":{"start":{"line":77,"column":4},"end":{"line":77,"column":54}},"21":{"start":{"line":83,"column":4},"end":{"line":83,"column":26}},"22":{"start":{"line":84,"column":4},"end":{"line":84,"column":52}},"23":{"start":{"line":95,"column":4},"end":{"line":95,"column":26}},"24":{"start":{"line":96,"column":4},"end":{"line":96,"column":68}},"25":{"start":{"line":102,"column":4},"end":{"line":102,"column":26}},"26":{"start":{"line":103,"column":4},"end":{"line":103,"column":51}},"27":{"start":{"line":109,"column":4},"end":{"line":109,"column":26}},"28":{"start":{"line":110,"column":4},"end":{"line":110,"column":48}},"29":{"start":{"line":21,"column":13},"end":{"line":21,"column":28}},"30":{"start":{"line":32,"column":8},"end":{"line":35,"column":null}},"31":{"start":{"line":39,"column":8},"end":{"line":42,"column":null}},"32":{"start":{"line":46,"column":8},"end":{"line":49,"column":null}},"33":{"start":{"line":53,"column":8},"end":{"line":56,"column":null}},"34":{"start":{"line":60,"column":8},"end":{"line":67,"column":null}},"35":{"start":{"line":71,"column":8},"end":{"line":78,"column":null}},"36":{"start":{"line":82,"column":8},"end":{"line":85,"column":null}},"37":{"start":{"line":89,"column":8},"end":{"line":97,"column":null}},"38":{"start":{"line":101,"column":8},"end":{"line":104,"column":null}},"39":{"start":{"line":108,"column":8},"end":{"line":111,"column":null}},"40":{"start":{"line":21,"column":13},"end":{"line":112,"column":null}}},"fnMap":{"0":{"name":"(anonymous_4)","decl":{"start":{"line":22,"column":2},"end":{"line":22,"column":22}},"loc":{"start":{"line":22,"column":48},"end":{"line":22,"column":52}}},"1":{"name":"(anonymous_5)","decl":{"start":{"line":24,"column":10},"end":{"line":24,"column":21}},"loc":{"start":{"line":24,"column":30},"end":{"line":28,"column":3}}},"2":{"name":"(anonymous_6)","decl":{"start":{"line":32,"column":8},"end":{"line":32,"column":20}},"loc":{"start":{"line":32,"column":36},"end":{"line":35,"column":3}}},"3":{"name":"(anonymous_7)","decl":{"start":{"line":39,"column":8},"end":{"line":39,"column":16}},"loc":{"start":{"line":39,"column":32},"end":{"line":42,"column":3}}},"4":{"name":"(anonymous_8)","decl":{"start":{"line":46,"column":8},"end":{"line":46,"column":16}},"loc":{"start":{"line":46,"column":32},"end":{"line":49,"column":3}}},"5":{"name":"(anonymous_9)","decl":{"start":{"line":53,"column":8},"end":{"line":53,"column":19}},"loc":{"start":{"line":53,"column":60},"end":{"line":56,"column":3}}},"6":{"name":"(anonymous_10)","decl":{"start":{"line":60,"column":8},"end":{"line":60,"column":24}},"loc":{"start":{"line":63,"column":45},"end":{"line":67,"column":3}}},"7":{"name":"(anonymous_11)","decl":{"start":{"line":71,"column":8},"end":{"line":71,"column":22}},"loc":{"start":{"line":74,"column":32},"end":{"line":78,"column":3}}},"8":{"name":"(anonymous_12)","decl":{"start":{"line":82,"column":8},"end":{"line":82,"column":24}},"loc":{"start":{"line":82,"column":40},"end":{"line":85,"column":3}}},"9":{"name":"(anonymous_13)","decl":{"start":{"line":89,"column":8},"end":{"line":89,"column":26}},"loc":{"start":{"line":93,"column":33},"end":{"line":97,"column":3}}},"10":{"name":"(anonymous_14)","decl":{"start":{"line":101,"column":8},"end":{"line":101,"column":27}},"loc":{"start":{"line":101,"column":43},"end":{"line":104,"column":3}}},"11":{"name":"(anonymous_15)","decl":{"start":{"line":108,"column":8},"end":{"line":108,"column":24}},"loc":{"start":{"line":108,"column":40},"end":{"line":111,"column":3}}}},"branchMap":{"0":{"loc":{"start":{"line":25,"column":4},"end":{"line":27,"column":5}},"type":"if","locations":[{"start":{"line":25,"column":4},"end":{"line":27,"column":5}},{"start":{},"end":{}}]},"1":{"loc":{"start":{"line":74,"column":24},"end":{"line":74,"column":null}},"type":"cond-expr","locations":[{"start":{"line":74,"column":32},"end":{"line":74,"column":null}},{"start":{"line":74,"column":32},"end":{"line":74,"column":null}}]},"2":{"loc":{"start":{"line":74,"column":24},"end":{"line":74,"column":32}},"type":"binary-expr","locations":[{"start":{"line":74,"column":24},"end":{"line":74,"column":null}},{"start":{"line":74,"column":24},"end":{"line":74,"column":32}}]},"3":{"loc":{"start":{"line":22,"column":36},"end":{"line":22,"column":51}},"type":"cond-expr","locations":[{"start":{"line":22,"column":48},"end":{"line":22,"column":51}},{"start":{"line":22,"column":48},"end":{"line":22,"column":51}}]},"4":{"loc":{"start":{"line":22,"column":36},"end":{"line":22,"column":48}},"type":"binary-expr","locations":[{"start":{"line":22,"column":36},"end":{"line":22,"column":51}},{"start":{"line":22,"column":36},"end":{"line":22,"column":48}}]}},"s":{"0":0,"1":0,"2":0,"3":0,"4":0,"5":0,"6":0,"7":0,"8":0,"9":0,"10":0,"11":0,"12":0,"13":0,"14":0,"15":0,"16":0,"17":0,"18":0,"19":0,"20":0,"21":0,"22":0,"23":0,"24":0,"25":0,"26":0,"27":0,"28":0,"29":0,"30":0,"31":0,"32":0,"33":0,"34":0,"35":0,"36":0,"37":0,"38":0,"39":0,"40":0},"f":{"0":0,"1":0,"2":0,"3":0,"4":0,"5":0,"6":0,"7":0,"8":0,"9":0,"10":0,"11":0},"b":{"0":[0,0],"1":[0,0],"2":[0,0],"3":[0,0],"4":[0,0]}}
,"C:\\Users\\abhis\\Downloads\\Profytron-build1\\apps\\api\\src\\modules\\admin\\admin.module.ts": {"path":"C:\\Users\\abhis\\Downloads\\Profytron-build1\\apps\\api\\src\\modules\\admin\\admin.module.ts","statementMap":{"0":{"start":{"line":1,"column":0},"end":{"line":1,"column":40}},"1":{"start":{"line":2,"column":0},"end":{"line":2,"column":47}},"2":{"start":{"line":3,"column":0},"end":{"line":3,"column":53}},"3":{"start":{"line":10,"column":7},"end":{"line":10,"column":null}},"4":{"start":{"line":10,"column":13},"end":{"line":10,"column":24}},"5":{"start":{"line":10,"column":13},"end":{"line":10,"column":null}}},"fnMap":{},"branchMap":{},"s":{"0":0,"1":0,"2":0,"3":0,"4":0,"5":0},"f":{},"b":{}}
,"C:\\Users\\abhis\\Downloads\\Profytron-build1\\apps\\api\\src\\modules\\admin\\admin.service.ts": {"path":"C:\\Users\\abhis\\Downloads\\Profytron-build1\\apps\\api\\src\\modules\\admin\\admin.service.ts","statementMap":{"0":{"start":{"line":1,"column":0},"end":{"line":1,"column":71}},"1":{"start":{"line":2,"column":0},"end":{"line":2,"column":60}},"2":{"start":{"line":3,"column":0},"end":{"line":3,"column":62}},"3":{"start":{"line":6,"column":25},"end":{"line":224,"column":null}},"4":{"start":{"line":7,"column":28},"end":{"line":7,"column":57}},"5":{"start":{"line":9,"column":22},"end":{"line":9,"column":30}},"6":{"start":{"line":12,"column":16},"end":{"line":12,"column":26}},"7":{"start":{"line":13,"column":26},"end":{"line":13,"column":36}},"8":{"start":{"line":14,"column":4},"end":{"line":14,"column":46}},"9":{"start":{"line":24,"column":8},"end":{"line":47,"column":6}},"10":{"start":{"line":49,"column":24},"end":{"line":49,"column":52}},"11":{"start":{"line":50,"column":16},"end":{"line":50,"column":40}},"12":{"start":{"line":52,"column":4},"end":{"line":71,"column":6}},"13":{"start":{"line":75,"column":54},"end":{"line":81,"column":6}},"14":{"start":{"line":83,"column":4},"end":{"line":89,"column":6}},"15":{"start":{"line":93,"column":4},"end":{"line":106,"column":7}},"16":{"start":{"line":110,"column":17},"end":{"line":121,"column":6}},"17":{"start":{"line":123,"column":4},"end":{"line":125,"column":5}},"18":{"start":{"line":124,"column":6},"end":{"line":124,"column":52}},"19":{"start":{"line":127,"column":19},"end":{"line":130,"column":6}},"20":{"start":{"line":132,"column":4},"end":{"line":135,"column":6}},"21":{"start":{"line":139,"column":17},"end":{"line":139,"column":77}},"22":{"start":{"line":140,"column":4},"end":{"line":140,"column":61}},"23":{"start":{"line":140,"column":15},"end":{"line":140,"column":61}},"24":{"start":{"line":142,"column":4},"end":{"line":145,"column":7}},"25":{"start":{"line":149,"column":17},"end":{"line":149,"column":77}},"26":{"start":{"line":150,"column":4},"end":{"line":150,"column":61}},"27":{"start":{"line":150,"column":15},"end":{"line":150,"column":61}},"28":{"start":{"line":152,"column":4},"end":{"line":155,"column":7}},"29":{"start":{"line":159,"column":4},"end":{"line":164,"column":7}},"30":{"start":{"line":168,"column":51},"end":{"line":181,"column":6}},"31":{"start":{"line":183,"column":4},"end":{"line":187,"column":6}},"32":{"start":{"line":191,"column":53},"end":{"line":203,"column":6}},"33":{"start":{"line":205,"column":4},"end":{"line":210,"column":6}},"34":{"start":{"line":214,"column":19},"end":{"line":214,"column":88}},"35":{"start":{"line":216,"column":4},"end":{"line":222,"column":7}},"36":{"start":{"line":6,"column":13},"end":{"line":6,"column":25}},"37":{"start":{"line":6,"column":13},"end":{"line":224,"column":null}}},"fnMap":{"0":{"name":"(anonymous_2)","decl":{"start":{"line":9,"column":2},"end":{"line":9,"column":22}},"loc":{"start":{"line":9,"column":43},"end":{"line":9,"column":47}}},"1":{"name":"(anonymous_3)","decl":{"start":{"line":11,"column":2},"end":{"line":11,"column":7}},"loc":{"start":{"line":11,"column":22},"end":{"line":72,"column":3}}},"2":{"name":"(anonymous_4)","decl":{"start":{"line":74,"column":2},"end":{"line":74,"column":7}},"loc":{"start":{"line":74,"column":20},"end":{"line":90,"column":3}}},"3":{"name":"(anonymous_5)","decl":{"start":{"line":92,"column":2},"end":{"line":92,"column":7}},"loc":{"start":{"line":92,"column":19},"end":{"line":107,"column":3}}},"4":{"name":"(anonymous_6)","decl":{"start":{"line":109,"column":2},"end":{"line":109,"column":7}},"loc":{"start":{"line":109,"column":36},"end":{"line":136,"column":3}}},"5":{"name":"(anonymous_7)","decl":{"start":{"line":138,"column":2},"end":{"line":138,"column":7}},"loc":{"start":{"line":138,"column":61},"end":{"line":146,"column":3}}},"6":{"name":"(anonymous_8)","decl":{"start":{"line":148,"column":2},"end":{"line":148,"column":7}},"loc":{"start":{"line":148,"column":53},"end":{"line":156,"column":3}}},"7":{"name":"(anonymous_9)","decl":{"start":{"line":158,"column":2},"end":{"line":158,"column":7}},"loc":{"start":{"line":158,"column":28},"end":{"line":165,"column":3}}},"8":{"name":"(anonymous_10)","decl":{"start":{"line":167,"column":2},"end":{"line":167,"column":7}},"loc":{"start":{"line":167,"column":27},"end":{"line":188,"column":3}}},"9":{"name":"(anonymous_11)","decl":{"start":{"line":190,"column":2},"end":{"line":190,"column":7}},"loc":{"start":{"line":190,"column":24},"end":{"line":211,"column":3}}},"10":{"name":"(anonymous_12)","decl":{"start":{"line":213,"column":2},"end":{"line":213,"column":7}},"loc":{"start":{"line":213,"column":79},"end":{"line":223,"column":3}}}},"branchMap":{"0":{"loc":{"start":{"line":49,"column":24},"end":{"line":49,"column":52}},"type":"binary-expr","locations":[{"start":{"line":49,"column":24},"end":{"line":49,"column":47}},{"start":{"line":49,"column":51},"end":{"line":49,"column":52}}]},"1":{"loc":{"start":{"line":50,"column":16},"end":{"line":50,"column":40}},"type":"binary-expr","locations":[{"start":{"line":50,"column":16},"end":{"line":50,"column":35}},{"start":{"line":50,"column":39},"end":{"line":50,"column":40}}]},"2":{"loc":{"start":{"line":55,"column":34},"end":{"line":55,"column":48}},"type":"binary-expr","locations":[{"start":{"line":55,"column":34},"end":{"line":55,"column":43}},{"start":{"line":55,"column":47},"end":{"line":55,"column":48}}]},"3":{"loc":{"start":{"line":123,"column":4},"end":{"line":125,"column":5}},"type":"if","locations":[{"start":{"line":123,"column":4},"end":{"line":125,"column":5}},{"start":{},"end":{}}]},"4":{"loc":{"start":{"line":134,"column":19},"end":{"line":134,"column":42}},"type":"binary-expr","locations":[{"start":{"line":134,"column":19},"end":{"line":134,"column":37}},{"start":{"line":134,"column":41},"end":{"line":134,"column":42}}]},"5":{"loc":{"start":{"line":140,"column":4},"end":{"line":140,"column":61}},"type":"if","locations":[{"start":{"line":140,"column":4},"end":{"line":140,"column":61}},{"start":{},"end":{}}]},"6":{"loc":{"start":{"line":150,"column":4},"end":{"line":150,"column":61}},"type":"if","locations":[{"start":{"line":150,"column":4},"end":{"line":150,"column":61}},{"start":{},"end":{}}]},"7":{"loc":{"start":{"line":184,"column":16},"end":{"line":184,"column":41}},"type":"binary-expr","locations":[{"start":{"line":184,"column":16},"end":{"line":184,"column":36}},{"start":{"line":184,"column":40},"end":{"line":184,"column":41}}]},"8":{"loc":{"start":{"line":185,"column":19},"end":{"line":185,"column":47}},"type":"binary-expr","locations":[{"start":{"line":185,"column":19},"end":{"line":185,"column":42}},{"start":{"line":185,"column":46},"end":{"line":185,"column":47}}]},"9":{"loc":{"start":{"line":186,"column":21},"end":{"line":186,"column":51}},"type":"binary-expr","locations":[{"start":{"line":186,"column":21},"end":{"line":186,"column":46}},{"start":{"line":186,"column":50},"end":{"line":186,"column":51}}]},"10":{"loc":{"start":{"line":214,"column":19},"end":{"line":214,"column":88}},"type":"cond-expr","locations":[{"start":{"line":214,"column":29},"end":{"line":214,"column":56}},{"start":{"line":214,"column":59},"end":{"line":214,"column":88}}]},"11":{"loc":{"start":{"line":9,"column":30},"end":{"line":9,"column":46}},"type":"cond-expr","locations":[{"start":{"line":9,"column":43},"end":{"line":9,"column":46}},{"start":{"line":9,"column":43},"end":{"line":9,"column":46}}]},"12":{"loc":{"start":{"line":9,"column":30},"end":{"line":9,"column":43}},"type":"binary-expr","locations":[{"start":{"line":9,"column":30},"end":{"line":9,"column":46}},{"start":{"line":9,"column":30},"end":{"line":9,"column":43}}]}},"s":{"0":0,"1":0,"2":0,"3":0,"4":0,"5":0,"6":0,"7":0,"8":0,"9":0,"10":0,"11":0,"12":0,"13":0,"14":0,"15":0,"16":0,"17":0,"18":0,"19":0,"20":0,"21":0,"22":0,"23":0,"24":0,"25":0,"26":0,"27":0,"28":0,"29":0,"30":0,"31":0,"32":0,"33":0,"34":0,"35":0,"36":0,"37":0},"f":{"0":0,"1":0,"2":0,"3":0,"4":0,"5":0,"6":0,"7":0,"8":0,"9":0,"10":0},"b":{"0":[0,0],"1":[0,0],"2":[0,0],"3":[0,0],"4":[0,0],"5":[0,0],"6":[0,0],"7":[0,0],"8":[0,0],"9":[0,0],"10":[0,0],"11":[0,0],"12":[0,0]}}
,"C:\\Users\\abhis\\Downloads\\Profytron-build1\\apps\\api\\src\\modules\\affiliates\\affiliates.controller.ts": {"path":"C:\\Users\\abhis\\Downloads\\Profytron-build1\\apps\\api\\src\\modules\\affiliates\\affiliates.controller.ts","statementMap":{"0":{"start":{"line":1,"column":0},"end":{"line":1,"column":78}},"1":{"start":{"line":2,"column":0},"end":{"line":2,"column":57}},"2":{"start":{"line":3,"column":0},"end":{"line":3,"column":61}},"3":{"start":{"line":4,"column":0},"end":{"line":4,"column":71}},"4":{"start":{"line":8,"column":7},"end":{"line":38,"column":null}},"5":{"start":{"line":9,"column":31},"end":{"line":9,"column":50}},"6":{"start":{"line":14,"column":4},"end":{"line":14,"column":51}},"7":{"start":{"line":22,"column":4},"end":{"line":22,"column":65}},"8":{"start":{"line":30,"column":4},"end":{"line":30,"column":69}},"9":{"start":{"line":36,"column":4},"end":{"line":36,"column":60}},"10":{"start":{"line":8,"column":13},"end":{"line":8,"column":33}},"11":{"start":{"line":13,"column":8},"end":{"line":15,"column":null}},"12":{"start":{"line":21,"column":8},"end":{"line":23,"column":null}},"13":{"start":{"line":29,"column":8},"end":{"line":31,"column":null}},"14":{"start":{"line":35,"column":8},"end":{"line":37,"column":null}},"15":{"start":{"line":8,"column":13},"end":{"line":38,"column":null}}},"fnMap":{"0":{"name":"(anonymous_4)","decl":{"start":{"line":9,"column":2},"end":{"line":9,"column":31}},"loc":{"start":{"line":9,"column":67},"end":{"line":9,"column":71}}},"1":{"name":"(anonymous_5)","decl":{"start":{"line":13,"column":8},"end":{"line":13,"column":18}},"loc":{"start":{"line":13,"column":46},"end":{"line":15,"column":3}}},"2":{"name":"(anonymous_6)","decl":{"start":{"line":21,"column":8},"end":{"line":21,"column":18}},"loc":{"start":{"line":21,"column":34},"end":{"line":23,"column":3}}},"3":{"name":"(anonymous_7)","decl":{"start":{"line":29,"column":8},"end":{"line":29,"column":22}},"loc":{"start":{"line":29,"column":38},"end":{"line":31,"column":3}}},"4":{"name":"(anonymous_8)","decl":{"start":{"line":35,"column":8},"end":{"line":35,"column":23}},"loc":{"start":{"line":35,"column":51},"end":{"line":37,"column":3}}}},"branchMap":{"0":{"loc":{"start":{"line":9,"column":50},"end":{"line":9,"column":70}},"type":"cond-expr","locations":[{"start":{"line":9,"column":67},"end":{"line":9,"column":70}},{"start":{"line":9,"column":67},"end":{"line":9,"column":70}}]},"1":{"loc":{"start":{"line":9,"column":50},"end":{"line":9,"column":67}},"type":"binary-expr","locations":[{"start":{"line":9,"column":50},"end":{"line":9,"column":70}},{"start":{"line":9,"column":50},"end":{"line":9,"column":67}}]}},"s":{"0":0,"1":0,"2":0,"3":0,"4":0,"5":0,"6":0,"7":0,"8":0,"9":0,"10":0,"11":0,"12":0,"13":0,"14":0,"15":0},"f":{"0":0,"1":0,"2":0,"3":0,"4":0},"b":{"0":[0,0],"1":[0,0]}}
,"C:\\Users\\abhis\\Downloads\\Profytron-build1\\apps\\api\\src\\modules\\affiliates\\affiliates.module.ts": {"path":"C:\\Users\\abhis\\Downloads\\Profytron-build1\\apps\\api\\src\\modules\\affiliates\\affiliates.module.ts","statementMap":{"0":{"start":{"line":1,"column":0},"end":{"line":1,"column":40}},"1":{"start":{"line":2,"column":0},"end":{"line":2,"column":57}},"2":{"start":{"line":3,"column":0},"end":{"line":3,"column":63}},"3":{"start":{"line":10,"column":7},"end":{"line":10,"column":null}},"4":{"start":{"line":10,"column":13},"end":{"line":10,"column":29}},"5":{"start":{"line":10,"column":13},"end":{"line":10,"column":null}}},"fnMap":{},"branchMap":{},"s":{"0":0,"1":0,"2":0,"3":0,"4":0,"5":0},"f":{},"b":{}}
,"C:\\Users\\abhis\\Downloads\\Profytron-build1\\apps\\api\\src\\modules\\affiliates\\affiliates.service.ts": {"path":"C:\\Users\\abhis\\Downloads\\Profytron-build1\\apps\\api\\src\\modules\\affiliates\\affiliates.service.ts","statementMap":{"0":{"start":{"line":1,"column":0},"end":{"line":1,"column":82}},"1":{"start":{"line":2,"column":0},"end":{"line":2,"column":60}},"2":{"start":{"line":6,"column":7},"end":{"line":155,"column":null}},"3":{"start":{"line":7,"column":22},"end":{"line":7,"column":30}},"4":{"start":{"line":10,"column":22},"end":{"line":15,"column":6}},"5":{"start":{"line":17,"column":4},"end":{"line":23,"column":5}},"6":{"start":{"line":19,"column":6},"end":{"line":22,"column":9}},"7":{"start":{"line":25,"column":4},"end":{"line":25,"column":21}},"8":{"start":{"line":29,"column":22},"end":{"line":29,"column":58}},"9":{"start":{"line":31,"column":27},"end":{"line":33,"column":9}},"10":{"start":{"line":35,"column":4},"end":{"line":48,"column":6}},"11":{"start":{"line":52,"column":17},"end":{"line":55,"column":6}},"12":{"start":{"line":57,"column":4},"end":{"line":57,"column":66}},"13":{"start":{"line":57,"column":40},"end":{"line":57,"column":66}},"14":{"start":{"line":59,"column":4},"end":{"line":62,"column":7}},"15":{"start":{"line":64,"column":4},"end":{"line":64,"column":29}},"16":{"start":{"line":68,"column":21},"end":{"line":70,"column":6}},"17":{"start":{"line":72,"column":4},"end":{"line":72,"column":26}},"18":{"start":{"line":72,"column":19},"end":{"line":72,"column":26}},"19":{"start":{"line":74,"column":4},"end":{"line":89,"column":7}},"20":{"start":{"line":93,"column":17},"end":{"line":96,"column":6}},"21":{"start":{"line":98,"column":4},"end":{"line":100,"column":5}},"22":{"start":{"line":99,"column":6},"end":{"line":99,"column":30}},"23":{"start":{"line":102,"column":4},"end":{"line":106,"column":7}},"24":{"start":{"line":108,"column":4},"end":{"line":108,"column":27}},"25":{"start":{"line":112,"column":22},"end":{"line":114,"column":6}},"26":{"start":{"line":116,"column":4},"end":{"line":116,"column":52}},"27":{"start":{"line":116,"column":45},"end":{"line":116,"column":52}},"28":{"start":{"line":118,"column":23},"end":{"line":118,"column":66}},"29":{"start":{"line":120,"column":4},"end":{"line":126,"column":7}},"30":{"start":{"line":128,"column":4},"end":{"line":128,"column":53}},"31":{"start":{"line":132,"column":22},"end":{"line":134,"column":6}},"32":{"start":{"line":136,"column":4},"end":{"line":136,"column":27}},"33":{"start":{"line":136,"column":20},"end":{"line":136,"column":27}},"34":{"start":{"line":138,"column":34},"end":{"line":138,"column":43}},"35":{"start":{"line":139,"column":4},"end":{"line":143,"column":5}},"36":{"start":{"line":140,"column":6},"end":{"line":140,"column":25}},"37":{"start":{"line":141,"column":11},"end":{"line":143,"column":5}},"38":{"start":{"line":142,"column":6},"end":{"line":142,"column":23}},"39":{"start":{"line":145,"column":4},"end":{"line":153,"column":5}},"40":{"start":{"line":146,"column":6},"end":{"line":152,"column":9}},"41":{"start":{"line":6,"column":13},"end":{"line":6,"column":30}},"42":{"start":{"line":6,"column":13},"end":{"line":155,"column":null}}},"fnMap":{"0":{"name":"(anonymous_2)","decl":{"start":{"line":7,"column":2},"end":{"line":7,"column":22}},"loc":{"start":{"line":7,"column":43},"end":{"line":7,"column":47}}},"1":{"name":"(anonymous_3)","decl":{"start":{"line":9,"column":2},"end":{"line":9,"column":7}},"loc":{"start":{"line":9,"column":40},"end":{"line":26,"column":3}}},"2":{"name":"(anonymous_4)","decl":{"start":{"line":28,"column":2},"end":{"line":28,"column":7}},"loc":{"start":{"line":28,"column":44},"end":{"line":49,"column":3}}},"3":{"name":"(anonymous_5)","decl":{"start":{"line":51,"column":2},"end":{"line":51,"column":7}},"loc":{"start":{"line":51,"column":39},"end":{"line":65,"column":3}}},"4":{"name":"(anonymous_6)","decl":{"start":{"line":67,"column":2},"end":{"line":67,"column":7}},"loc":{"start":{"line":67,"column":63},"end":{"line":90,"column":3}}},"5":{"name":"(anonymous_7)","decl":{"start":{"line":92,"column":2},"end":{"line":92,"column":7}},"loc":{"start":{"line":92,"column":48},"end":{"line":109,"column":3}}},"6":{"name":"(anonymous_8)","decl":{"start":{"line":111,"column":2},"end":{"line":111,"column":7}},"loc":{"start":{"line":111,"column":58},"end":{"line":129,"column":3}}},"7":{"name":"(anonymous_9)","decl":{"start":{"line":131,"column":2},"end":{"line":131,"column":7}},"loc":{"start":{"line":131,"column":38},"end":{"line":154,"column":3}}}},"branchMap":{"0":{"loc":{"start":{"line":17,"column":4},"end":{"line":23,"column":5}},"type":"if","locations":[{"start":{"line":17,"column":4},"end":{"line":23,"column":5}},{"start":{},"end":{}}]},"1":{"loc":{"start":{"line":31,"column":27},"end":{"line":33,"column":9}},"type":"cond-expr","locations":[{"start":{"line":32,"column":8},"end":{"line":32,"column":81}},{"start":{"line":33,"column":8},"end":{"line":33,"column":9}}]},"2":{"loc":{"start":{"line":57,"column":4},"end":{"line":57,"column":66}},"type":"if","locations":[{"start":{"line":57,"column":4},"end":{"line":57,"column":66}},{"start":{},"end":{}}]},"3":{"loc":{"start":{"line":57,"column":8},"end":{"line":57,"column":38}},"type":"binary-expr","locations":[{"start":{"line":57,"column":8},"end":{"line":57,"column":13}},{"start":{"line":57,"column":17},"end":{"line":57,"column":38}}]},"4":{"loc":{"start":{"line":72,"column":4},"end":{"line":72,"column":26}},"type":"if","locations":[{"start":{"line":72,"column":4},"end":{"line":72,"column":26}},{"start":{},"end":{}}]},"5":{"loc":{"start":{"line":98,"column":4},"end":{"line":100,"column":5}},"type":"if","locations":[{"start":{"line":98,"column":4},"end":{"line":100,"column":5}},{"start":{},"end":{}}]},"6":{"loc":{"start":{"line":116,"column":4},"end":{"line":116,"column":52}},"type":"if","locations":[{"start":{"line":116,"column":4},"end":{"line":116,"column":52}},{"start":{},"end":{}}]},"7":{"loc":{"start":{"line":116,"column":8},"end":{"line":116,"column":43}},"type":"binary-expr","locations":[{"start":{"line":116,"column":8},"end":{"line":116,"column":18}},{"start":{"line":116,"column":22},"end":{"line":116,"column":43}}]},"8":{"loc":{"start":{"line":118,"column":33},"end":{"line":118,"column":65}},"type":"binary-expr","locations":[{"start":{"line":118,"column":33},"end":{"line":118,"column":57}},{"start":{"line":118,"column":61},"end":{"line":118,"column":65}}]},"9":{"loc":{"start":{"line":136,"column":4},"end":{"line":136,"column":27}},"type":"if","locations":[{"start":{"line":136,"column":4},"end":{"line":136,"column":27}},{"start":{},"end":{}}]},"10":{"loc":{"start":{"line":139,"column":4},"end":{"line":143,"column":5}},"type":"if","locations":[{"start":{"line":139,"column":4},"end":{"line":143,"column":5}},{"start":{"line":141,"column":11},"end":{"line":143,"column":5}}]},"11":{"loc":{"start":{"line":141,"column":11},"end":{"line":143,"column":5}},"type":"if","locations":[{"start":{"line":141,"column":11},"end":{"line":143,"column":5}},{"start":{},"end":{}}]},"12":{"loc":{"start":{"line":145,"column":4},"end":{"line":153,"column":5}},"type":"if","locations":[{"start":{"line":145,"column":4},"end":{"line":153,"column":5}},{"start":{},"end":{}}]},"13":{"loc":{"start":{"line":150,"column":26},"end":{"line":150,"column":86}},"type":"cond-expr","locations":[{"start":{"line":150,"column":49},"end":{"line":150,"column":52}},{"start":{"line":150,"column":55},"end":{"line":150,"column":86}}]},"14":{"loc":{"start":{"line":150,"column":55},"end":{"line":150,"column":86}},"type":"cond-expr","locations":[{"start":{"line":150,"column":76},"end":{"line":150,"column":80}},{"start":{"line":150,"column":83},"end":{"line":150,"column":86}}]},"15":{"loc":{"start":{"line":7,"column":30},"end":{"line":7,"column":46}},"type":"cond-expr","locations":[{"start":{"line":7,"column":43},"end":{"line":7,"column":46}},{"start":{"line":7,"column":43},"end":{"line":7,"column":46}}]},"16":{"loc":{"start":{"line":7,"column":30},"end":{"line":7,"column":43}},"type":"binary-expr","locations":[{"start":{"line":7,"column":30},"end":{"line":7,"column":46}},{"start":{"line":7,"column":30},"end":{"line":7,"column":43}}]}},"s":{"0":0,"1":0,"2":0,"3":0,"4":0,"5":0,"6":0,"7":0,"8":0,"9":0,"10":0,"11":0,"12":0,"13":0,"14":0,"15":0,"16":0,"17":0,"18":0,"19":0,"20":0,"21":0,"22":0,"23":0,"24":0,"25":0,"26":0,"27":0,"28":0,"29":0,"30":0,"31":0,"32":0,"33":0,"34":0,"35":0,"36":0,"37":0,"38":0,"39":0,"40":0,"41":0,"42":0},"f":{"0":0,"1":0,"2":0,"3":0,"4":0,"5":0,"6":0,"7":0},"b":{"0":[0,0],"1":[0,0],"2":[0,0],"3":[0,0],"4":[0,0],"5":[0,0],"6":[0,0],"7":[0,0],"8":[0,0],"9":[0,0],"10":[0,0],"11":[0,0],"12":[0,0],"13":[0,0],"14":[0,0],"15":[0,0],"16":[0,0]}}
,"C:\\Users\\abhis\\Downloads\\Profytron-build1\\apps\\api\\src\\modules\\ai\\ai.controller.ts": {"path":"C:\\Users\\abhis\\Downloads\\Profytron-build1\\apps\\api\\src\\modules\\ai\\ai.controller.ts","statementMap":{"0":{"start":{"line":1,"column":0},"end":{"line":1,"column":84}},"1":{"start":{"line":2,"column":0},"end":{"line":2,"column":41}},"2":{"start":{"line":3,"column":0},"end":{"line":3,"column":61}},"3":{"start":{"line":4,"column":0},"end":{"line":4,"column":71}},"4":{"start":{"line":10,"column":7},"end":{"line":48,"column":null}},"5":{"start":{"line":11,"column":31},"end":{"line":11,"column":42}},"6":{"start":{"line":16,"column":4},"end":{"line":16,"column":65}},"7":{"start":{"line":22,"column":4},"end":{"line":22,"column":50}},"8":{"start":{"line":28,"column":4},"end":{"line":28,"column":50}},"9":{"start":{"line":34,"column":4},"end":{"line":34,"column":57}},"10":{"start":{"line":40,"column":4},"end":{"line":40,"column":50}},"11":{"start":{"line":46,"column":4},"end":{"line":46,"column":53}},"12":{"start":{"line":10,"column":13},"end":{"line":10,"column":25}},"13":{"start":{"line":15,"column":8},"end":{"line":17,"column":null}},"14":{"start":{"line":21,"column":8},"end":{"line":23,"column":null}},"15":{"start":{"line":27,"column":8},"end":{"line":29,"column":null}},"16":{"start":{"line":33,"column":8},"end":{"line":35,"column":null}},"17":{"start":{"line":39,"column":8},"end":{"line":41,"column":null}},"18":{"start":{"line":45,"column":8},"end":{"line":47,"column":null}},"19":{"start":{"line":10,"column":13},"end":{"line":48,"column":null}}},"fnMap":{"0":{"name":"(anonymous_4)","decl":{"start":{"line":11,"column":2},"end":{"line":11,"column":31}},"loc":{"start":{"line":11,"column":51},"end":{"line":11,"column":55}}},"1":{"name":"(anonymous_5)","decl":{"start":{"line":15,"column":8},"end":{"line":15,"column":24}},"loc":{"start":{"line":15,"column":75},"end":{"line":17,"column":3}}},"2":{"name":"(anonymous_6)","decl":{"start":{"line":21,"column":8},"end":{"line":21,"column":15}},"loc":{"start":{"line":21,"column":38},"end":{"line":23,"column":3}}},"3":{"name":"(anonymous_7)","decl":{"start":{"line":27,"column":8},"end":{"line":27,"column":12}},"loc":{"start":{"line":27,"column":81},"end":{"line":29,"column":3}}},"4":{"name":"(anonymous_8)","decl":{"start":{"line":33,"column":8},"end":{"line":33,"column":25}},"loc":{"start":{"line":33,"column":41},"end":{"line":35,"column":3}}},"5":{"name":"(anonymous_9)","decl":{"start":{"line":39,"column":8},"end":{"line":39,"column":25}},"loc":{"start":{"line":39,"column":57},"end":{"line":41,"column":3}}},"6":{"name":"(anonymous_10)","decl":{"start":{"line":45,"column":8},"end":{"line":45,"column":17}},"loc":{"start":{"line":45,"column":17},"end":{"line":47,"column":3}}}},"branchMap":{"0":{"loc":{"start":{"line":11,"column":42},"end":{"line":11,"column":54}},"type":"cond-expr","locations":[{"start":{"line":11,"column":51},"end":{"line":11,"column":54}},{"start":{"line":11,"column":51},"end":{"line":11,"column":54}}]},"1":{"loc":{"start":{"line":11,"column":42},"end":{"line":11,"column":51}},"type":"binary-expr","locations":[{"start":{"line":11,"column":42},"end":{"line":11,"column":54}},{"start":{"line":11,"column":42},"end":{"line":11,"column":51}}]}},"s":{"0":0,"1":0,"2":0,"3":0,"4":0,"5":0,"6":0,"7":0,"8":0,"9":0,"10":0,"11":0,"12":0,"13":0,"14":0,"15":0,"16":0,"17":0,"18":0,"19":0},"f":{"0":0,"1":0,"2":0,"3":0,"4":0,"5":0,"6":0},"b":{"0":[0,0],"1":[0,0]}}
,"C:\\Users\\abhis\\Downloads\\Profytron-build1\\apps\\api\\src\\modules\\ai\\ai.module.ts": {"path":"C:\\Users\\abhis\\Downloads\\Profytron-build1\\apps\\api\\src\\modules\\ai\\ai.module.ts","statementMap":{"0":{"start":{"line":1,"column":0},"end":{"line":1,"column":40}},"1":{"start":{"line":2,"column":0},"end":{"line":2,"column":41}},"2":{"start":{"line":3,"column":0},"end":{"line":3,"column":47}},"3":{"start":{"line":10,"column":7},"end":{"line":10,"column":null}},"4":{"start":{"line":10,"column":13},"end":{"line":10,"column":21}},"5":{"start":{"line":10,"column":13},"end":{"line":10,"column":null}}},"fnMap":{},"branchMap":{},"s":{"0":0,"1":0,"2":0,"3":0,"4":0,"5":0},"f":{},"b":{}}
,"C:\\Users\\abhis\\Downloads\\Profytron-build1\\apps\\api\\src\\modules\\ai\\ai.service.ts": {"path":"C:\\Users\\abhis\\Downloads\\Profytron-build1\\apps\\api\\src\\modules\\ai\\ai.service.ts","statementMap":{"0":{"start":{"line":1,"column":0},"end":{"line":1,"column":92}},"1":{"start":{"line":2,"column":0},"end":{"line":2,"column":26}},"2":{"start":{"line":3,"column":0},"end":{"line":3,"column":60}},"3":{"start":{"line":11,"column":22},"end":{"line":186,"column":null}},"4":{"start":{"line":12,"column":28},"end":{"line":12,"column":54}},"5":{"start":{"line":13,"column":29},"end":{"line":13,"column":82}},"6":{"start":{"line":15,"column":31},"end":{"line":15,"column":39}},"7":{"start":{"line":18,"column":4},"end":{"line":30,"column":5}},"8":{"start":{"line":19,"column":6},"end":{"line":19,"column":83}},"9":{"start":{"line":20,"column":23},"end":{"line":25,"column":8}},"10":{"start":{"line":26,"column":6},"end":{"line":26,"column":27}},"11":{"start":{"line":28,"column":6},"end":{"line":28,"column":62}},"12":{"start":{"line":29,"column":6},"end":{"line":29,"column":70}},"13":{"start":{"line":34,"column":18},"end":{"line":37,"column":6}},"14":{"start":{"line":39,"column":4},"end":{"line":41,"column":5}},"15":{"start":{"line":40,"column":6},"end":{"line":40,"column":53}},"16":{"start":{"line":43,"column":26},"end":{"line":52,"column":6}},"17":{"start":{"line":54,"column":15},"end":{"line":54,"column":53}},"18":{"start":{"line":57,"column":6},"end":{"line":61,"column":30}},"19":{"start":{"line":63,"column":4},"end":{"line":93,"column":7}},"20":{"start":{"line":95,"column":4},"end":{"line":99,"column":6}},"21":{"start":{"line":103,"column":4},"end":{"line":126,"column":5}},"22":{"start":{"line":104,"column":27},"end":{"line":114,"column":8}},"23":{"start":{"line":116,"column":23},"end":{"line":120,"column":8}},"24":{"start":{"line":122,"column":6},"end":{"line":122,"column":27}},"25":{"start":{"line":124,"column":6},"end":{"line":124,"column":79}},"26":{"start":{"line":125,"column":6},"end":{"line":125,"column":69}},"27":{"start":{"line":130,"column":19},"end":{"line":140,"column":6}},"28":{"start":{"line":142,"column":16},"end":{"line":142,"column":48}},"29":{"start":{"line":142,"column":34},"end":{"line":142,"column":47}},"30":{"start":{"line":143,"column":26},"end":{"line":143,"column":57}},"31":{"start":{"line":143,"column":44},"end":{"line":143,"column":49}},"32":{"start":{"line":144,"column":19},"end":{"line":146,"column":9}},"33":{"start":{"line":145,"column":31},"end":{"line":145,"column":38}},"34":{"start":{"line":148,"column":36},"end":{"line":148,"column":38}},"35":{"start":{"line":149,"column":4},"end":{"line":151,"column":5}},"36":{"start":{"line":149,"column":26},"end":{"line":149,"column":31}},"37":{"start":{"line":150,"column":6},"end":{"line":150,"column":49}},"38":{"start":{"line":152,"column":4},"end":{"line":154,"column":5}},"39":{"start":{"line":153,"column":6},"end":{"line":153,"column":65}},"40":{"start":{"line":156,"column":4},"end":{"line":166,"column":6}},"41":{"start":{"line":170,"column":4},"end":{"line":184,"column":5}},"42":{"start":{"line":171,"column":23},"end":{"line":173,"column":8}},"43":{"start":{"line":174,"column":6},"end":{"line":174,"column":27}},"44":{"start":{"line":176,"column":6},"end":{"line":176,"column":82}},"45":{"start":{"line":177,"column":6},"end":{"line":183,"column":8}},"46":{"start":{"line":11,"column":13},"end":{"line":11,"column":22}},"47":{"start":{"line":11,"column":13},"end":{"line":186,"column":null}}},"fnMap":{"0":{"name":"(anonymous_3)","decl":{"start":{"line":15,"column":2},"end":{"line":15,"column":31}},"loc":{"start":{"line":15,"column":52},"end":{"line":15,"column":56}}},"1":{"name":"(anonymous_4)","decl":{"start":{"line":17,"column":2},"end":{"line":17,"column":7}},"loc":{"start":{"line":17,"column":35},"end":{"line":31,"column":3}}},"2":{"name":"(anonymous_5)","decl":{"start":{"line":33,"column":2},"end":{"line":33,"column":7}},"loc":{"start":{"line":33,"column":56},"end":{"line":100,"column":3}}},"3":{"name":"(anonymous_6)","decl":{"start":{"line":102,"column":2},"end":{"line":102,"column":7}},"loc":{"start":{"line":102,"column":51},"end":{"line":127,"column":3}}},"4":{"name":"(anonymous_7)","decl":{"start":{"line":129,"column":2},"end":{"line":129,"column":7}},"loc":{"start":{"line":129,"column":40},"end":{"line":167,"column":3}}},"5":{"name":"(anonymous_8)","decl":{"start":{"line":142,"column":27},"end":{"line":142,"column":28}},"loc":{"start":{"line":142,"column":34},"end":{"line":142,"column":47}}},"6":{"name":"(anonymous_9)","decl":{"start":{"line":143,"column":37},"end":{"line":143,"column":38}},"loc":{"start":{"line":143,"column":44},"end":{"line":143,"column":49}}},"7":{"name":"(anonymous_10)","decl":{"start":{"line":145,"column":19},"end":{"line":145,"column":20}},"loc":{"start":{"line":145,"column":31},"end":{"line":145,"column":38}}},"8":{"name":"(anonymous_11)","decl":{"start":{"line":149,"column":19},"end":{"line":149,"column":20}},"loc":{"start":{"line":149,"column":26},"end":{"line":149,"column":31}}},"9":{"name":"(anonymous_12)","decl":{"start":{"line":169,"column":2},"end":{"line":169,"column":7}},"loc":{"start":{"line":169,"column":39},"end":{"line":185,"column":3}}}},"branchMap":{"0":{"loc":{"start":{"line":13,"column":29},"end":{"line":13,"column":82}},"type":"binary-expr","locations":[{"start":{"line":13,"column":29},"end":{"line":13,"column":55}},{"start":{"line":13,"column":59},"end":{"line":13,"column":82}}]},"1":{"loc":{"start":{"line":39,"column":4},"end":{"line":41,"column":5}},"type":"if","locations":[{"start":{"line":39,"column":4},"end":{"line":41,"column":5}},{"start":{},"end":{}}]},"2":{"loc":{"start":{"line":47,"column":27},"end":{"line":47,"column":59}},"type":"binary-expr","locations":[{"start":{"line":47,"column":27},"end":{"line":47,"column":47}},{"start":{"line":47,"column":51},"end":{"line":47,"column":59}}]},"3":{"loc":{"start":{"line":47,"column":76},"end":{"line":47,"column":110}},"type":"binary-expr","locations":[{"start":{"line":47,"column":76},"end":{"line":47,"column":101}},{"start":{"line":47,"column":105},"end":{"line":47,"column":110}}]},"4":{"loc":{"start":{"line":57,"column":6},"end":{"line":61,"column":30}},"type":"cond-expr","locations":[{"start":{"line":58,"column":10},"end":{"line":58,"column":12}},{"start":{"line":59,"column":10},"end":{"line":61,"column":30}}]},"5":{"loc":{"start":{"line":59,"column":10},"end":{"line":61,"column":30}},"type":"cond-expr","locations":[{"start":{"line":60,"column":12},"end":{"line":60,"column":39}},{"start":{"line":61,"column":12},"end":{"line":61,"column":30}}]},"6":{"loc":{"start":{"line":60,"column":27},"end":{"line":60,"column":38}},"type":"binary-expr","locations":[{"start":{"line":60,"column":27},"end":{"line":60,"column":32}},{"start":{"line":60,"column":36},"end":{"line":60,"column":38}}]},"7":{"loc":{"start":{"line":124,"column":42},"end":{"line":124,"column":75}},"type":"binary-expr","locations":[{"start":{"line":124,"column":42},"end":{"line":124,"column":56}},{"start":{"line":124,"column":60},"end":{"line":124,"column":75}}]},"8":{"loc":{"start":{"line":142,"column":34},"end":{"line":142,"column":47}},"type":"binary-expr","locations":[{"start":{"line":142,"column":34},"end":{"line":142,"column":42}},{"start":{"line":142,"column":46},"end":{"line":142,"column":47}}]},"9":{"loc":{"start":{"line":144,"column":19},"end":{"line":146,"column":9}},"type":"cond-expr","locations":[{"start":{"line":145,"column":8},"end":{"line":145,"column":55}},{"start":{"line":146,"column":8},"end":{"line":146,"column":9}}]},"10":{"loc":{"start":{"line":149,"column":4},"end":{"line":151,"column":5}},"type":"if","locations":[{"start":{"line":149,"column":4},"end":{"line":151,"column":5}},{"start":{},"end":{}}]},"11":{"loc":{"start":{"line":152,"column":4},"end":{"line":154,"column":5}},"type":"if","locations":[{"start":{"line":152,"column":4},"end":{"line":154,"column":5}},{"start":{},"end":{}}]},"12":{"loc":{"start":{"line":158,"column":15},"end":{"line":158,"column":93}},"type":"cond-expr","locations":[{"start":{"line":158,"column":31},"end":{"line":158,"column":89}},{"start":{"line":158,"column":92},"end":{"line":158,"column":93}}]},"13":{"loc":{"start":{"line":172,"column":16},"end":{"line":172,"column":35}},"type":"binary-expr","locations":[{"start":{"line":172,"column":16},"end":{"line":172,"column":22}},{"start":{"line":172,"column":26},"end":{"line":172,"column":35}}]},"14":{"loc":{"start":{"line":176,"column":45},"end":{"line":176,"column":78}},"type":"binary-expr","locations":[{"start":{"line":176,"column":45},"end":{"line":176,"column":59}},{"start":{"line":176,"column":63},"end":{"line":176,"column":78}}]},"15":{"loc":{"start":{"line":181,"column":16},"end":{"line":181,"column":35}},"type":"binary-expr","locations":[{"start":{"line":181,"column":16},"end":{"line":181,"column":22}},{"start":{"line":181,"column":26},"end":{"line":181,"column":35}}]},"16":{"loc":{"start":{"line":15,"column":39},"end":{"line":15,"column":55}},"type":"cond-expr","locations":[{"start":{"line":15,"column":52},"end":{"line":15,"column":55}},{"start":{"line":15,"column":52},"end":{"line":15,"column":55}}]},"17":{"loc":{"start":{"line":15,"column":39},"end":{"line":15,"column":52}},"type":"binary-expr","locations":[{"start":{"line":15,"column":39},"end":{"line":15,"column":55}},{"start":{"line":15,"column":39},"end":{"line":15,"column":52}}]}},"s":{"0":0,"1":0,"2":0,"3":0,"4":0,"5":0,"6":0,"7":0,"8":0,"9":0,"10":0,"11":0,"12":0,"13":0,"14":0,"15":0,"16":0,"17":0,"18":0,"19":0,"20":0,"21":0,"22":0,"23":0,"24":0,"25":0,"26":0,"27":0,"28":0,"29":0,"30":0,"31":0,"32":0,"33":0,"34":0,"35":0,"36":0,"37":0,"38":0,"39":0,"40":0,"41":0,"42":0,"43":0,"44":0,"45":0,"46":0,"47":0},"f":{"0":0,"1":0,"2":0,"3":0,"4":0,"5":0,"6":0,"7":0,"8":0,"9":0},"b":{"0":[0,0],"1":[0,0],"2":[0,0],"3":[0,0],"4":[0,0],"5":[0,0],"6":[0,0],"7":[0,0],"8":[0,0],"9":[0,0],"10":[0,0],"11":[0,0],"12":[0,0],"13":[0,0],"14":[0,0],"15":[0,0],"16":[0,0],"17":[0,0]}}
,"C:\\Users\\abhis\\Downloads\\Profytron-build1\\apps\\api\\src\\modules\\analytics\\analytics.controller.ts": {"path":"C:\\Users\\abhis\\Downloads\\Profytron-build1\\apps\\api\\src\\modules\\analytics\\analytics.controller.ts","statementMap":{"0":{"start":{"line":1,"column":0},"end":{"line":1,"column":80}},"1":{"start":{"line":2,"column":0},"end":{"line":2,"column":55}},"2":{"start":{"line":3,"column":0},"end":{"line":3,"column":61}},"3":{"start":{"line":4,"column":0},"end":{"line":4,"column":71}},"4":{"start":{"line":5,"column":0},"end":{"line":5,"column":53}},"5":{"start":{"line":6,"column":0},"end":{"line":6,"column":28}},"6":{"start":{"line":14,"column":7},"end":{"line":115,"column":null}},"7":{"start":{"line":16,"column":21},"end":{"line":16,"column":39}},"8":{"start":{"line":17,"column":43},"end":{"line":17,"column":56}},"9":{"start":{"line":21,"column":23},"end":{"line":21,"column":52}},"10":{"start":{"line":22,"column":18},"end":{"line":22,"column":74}},"11":{"start":{"line":23,"column":4},"end":{"line":25,"column":5}},"12":{"start":{"line":24,"column":6},"end":{"line":24,"column":36}},"13":{"start":{"line":26,"column":4},"end":{"line":26,"column":16}},"14":{"start":{"line":30,"column":19},"end":{"line":30,"column":50}},"15":{"start":{"line":31,"column":4},"end":{"line":33,"column":5}},"16":{"start":{"line":32,"column":6},"end":{"line":32,"column":37}},"17":{"start":{"line":35,"column":18},"end":{"line":35,"column":34}},"18":{"start":{"line":36,"column":4},"end":{"line":36,"column":77}},"19":{"start":{"line":37,"column":4},"end":{"line":37,"column":17}},"20":{"start":{"line":43,"column":28},"end":{"line":43,"column":54}},"21":{"start":{"line":44,"column":4},"end":{"line":48,"column":6}},"22":{"start":{"line":47,"column":12},"end":{"line":47,"column":81}},"23":{"start":{"line":54,"column":4},"end":{"line":58,"column":6}},"24":{"start":{"line":57,"column":12},"end":{"line":57,"column":64}},"25":{"start":{"line":64,"column":28},"end":{"line":64,"column":54}},"26":{"start":{"line":65,"column":4},"end":{"line":69,"column":6}},"27":{"start":{"line":68,"column":12},"end":{"line":68,"column":85}},"28":{"start":{"line":75,"column":28},"end":{"line":75,"column":54}},"29":{"start":{"line":76,"column":4},"end":{"line":80,"column":6}},"30":{"start":{"line":79,"column":12},"end":{"line":79,"column":80}},"31":{"start":{"line":86,"column":28},"end":{"line":86,"column":54}},"32":{"start":{"line":87,"column":4},"end":{"line":91,"column":6}},"33":{"start":{"line":90,"column":12},"end":{"line":90,"column":81}},"34":{"start":{"line":97,"column":4},"end":{"line":101,"column":6}},"35":{"start":{"line":100,"column":12},"end":{"line":100,"column":57}},"36":{"start":{"line":107,"column":24},"end":{"line":107,"column":43}},"37":{"start":{"line":108,"column":22},"end":{"line":108,"column":96}},"38":{"start":{"line":109,"column":4},"end":{"line":113,"column":6}},"39":{"start":{"line":112,"column":12},"end":{"line":112,"column":59}},"40":{"start":{"line":14,"column":13},"end":{"line":14,"column":32}},"41":{"start":{"line":42,"column":8},"end":{"line":49,"column":null}},"42":{"start":{"line":53,"column":8},"end":{"line":59,"column":null}},"43":{"start":{"line":63,"column":8},"end":{"line":70,"column":null}},"44":{"start":{"line":74,"column":8},"end":{"line":81,"column":null}},"45":{"start":{"line":85,"column":8},"end":{"line":92,"column":null}},"46":{"start":{"line":96,"column":8},"end":{"line":102,"column":null}},"47":{"start":{"line":106,"column":8},"end":{"line":114,"column":null}},"48":{"start":{"line":14,"column":13},"end":{"line":115,"column":null}}},"fnMap":{"0":{"name":"(anonymous_5)","decl":{"start":{"line":15,"column":2},"end":{"line":15,"column":null}},"loc":{"start":{"line":17,"column":61},"end":{"line":18,"column":6}}},"1":{"name":"(anonymous_6)","decl":{"start":{"line":20,"column":10},"end":{"line":20,"column":24}},"loc":{"start":{"line":20,"column":39},"end":{"line":27,"column":3}}},"2":{"name":"(anonymous_7)","decl":{"start":{"line":29,"column":10},"end":{"line":29,"column":15}},"loc":{"start":{"line":29,"column":88},"end":{"line":38,"column":3}}},"3":{"name":"(anonymous_8)","decl":{"start":{"line":42,"column":8},"end":{"line":42,"column":20}},"loc":{"start":{"line":42,"column":68},"end":{"line":49,"column":3}}},"4":{"name":"(anonymous_9)","decl":{"start":{"line":47,"column":6},"end":{"line":47,"column":9}},"loc":{"start":{"line":47,"column":12},"end":{"line":47,"column":81}}},"5":{"name":"(anonymous_10)","decl":{"start":{"line":53,"column":8},"end":{"line":53,"column":25}},"loc":{"start":{"line":53,"column":41},"end":{"line":59,"column":3}}},"6":{"name":"(anonymous_11)","decl":{"start":{"line":57,"column":6},"end":{"line":57,"column":9}},"loc":{"start":{"line":57,"column":12},"end":{"line":57,"column":64}}},"7":{"name":"(anonymous_12)","decl":{"start":{"line":63,"column":8},"end":{"line":63,"column":29}},"loc":{"start":{"line":63,"column":77},"end":{"line":70,"column":3}}},"8":{"name":"(anonymous_13)","decl":{"start":{"line":68,"column":6},"end":{"line":68,"column":9}},"loc":{"start":{"line":68,"column":12},"end":{"line":68,"column":85}}},"9":{"name":"(anonymous_14)","decl":{"start":{"line":74,"column":8},"end":{"line":74,"column":15}},"loc":{"start":{"line":74,"column":63},"end":{"line":81,"column":3}}},"10":{"name":"(anonymous_15)","decl":{"start":{"line":79,"column":6},"end":{"line":79,"column":9}},"loc":{"start":{"line":79,"column":12},"end":{"line":79,"column":80}}},"11":{"name":"(anonymous_16)","decl":{"start":{"line":85,"column":8},"end":{"line":85,"column":17}},"loc":{"start":{"line":85,"column":65},"end":{"line":92,"column":3}}},"12":{"name":"(anonymous_17)","decl":{"start":{"line":90,"column":6},"end":{"line":90,"column":9}},"loc":{"start":{"line":90,"column":12},"end":{"line":90,"column":81}}},"13":{"name":"(anonymous_18)","decl":{"start":{"line":96,"column":8},"end":{"line":96,"column":17}},"loc":{"start":{"line":96,"column":33},"end":{"line":102,"column":3}}},"14":{"name":"(anonymous_19)","decl":{"start":{"line":100,"column":6},"end":{"line":100,"column":9}},"loc":{"start":{"line":100,"column":12},"end":{"line":100,"column":57}}},"15":{"name":"(anonymous_20)","decl":{"start":{"line":106,"column":8},"end":{"line":106,"column":22}},"loc":{"start":{"line":106,"column":53},"end":{"line":114,"column":3}}},"16":{"name":"(anonymous_21)","decl":{"start":{"line":112,"column":6},"end":{"line":112,"column":9}},"loc":{"start":{"line":112,"column":12},"end":{"line":112,"column":59}}}},"branchMap":{"0":{"loc":{"start":{"line":21,"column":24},"end":{"line":21,"column":37}},"type":"binary-expr","locations":[{"start":{"line":21,"column":24},"end":{"line":21,"column":29}},{"start":{"line":21,"column":33},"end":{"line":21,"column":37}}]},"1":{"loc":{"start":{"line":23,"column":4},"end":{"line":25,"column":5}},"type":"if","locations":[{"start":{"line":23,"column":4},"end":{"line":25,"column":5}},{"start":{},"end":{}}]},"2":{"loc":{"start":{"line":31,"column":4},"end":{"line":33,"column":5}},"type":"if","locations":[{"start":{"line":31,"column":4},"end":{"line":33,"column":5}},{"start":{},"end":{}}]},"3":{"loc":{"start":{"line":107,"column":31},"end":{"line":107,"column":42}},"type":"binary-expr","locations":[{"start":{"line":107,"column":31},"end":{"line":107,"column":36}},{"start":{"line":107,"column":40},"end":{"line":107,"column":42}}]},"4":{"loc":{"start":{"line":108,"column":22},"end":{"line":108,"column":96}},"type":"cond-expr","locations":[{"start":{"line":108,"column":53},"end":{"line":108,"column":91}},{"start":{"line":108,"column":94},"end":{"line":108,"column":96}}]},"5":{"loc":{"start":{"line":16,"column":39},"end":{"line":16,"column":null}},"type":"cond-expr","locations":[{"start":{"line":16,"column":55},"end":{"line":16,"column":null}},{"start":{"line":16,"column":55},"end":{"line":16,"column":null}}]},"6":{"loc":{"start":{"line":16,"column":39},"end":{"line":16,"column":55}},"type":"binary-expr","locations":[{"start":{"line":16,"column":39},"end":{"line":16,"column":null}},{"start":{"line":16,"column":39},"end":{"line":16,"column":55}}]},"7":{"loc":{"start":{"line":16,"column":55},"end":{"line":17,"column":null}},"type":"cond-expr","locations":[{"start":{"line":17,"column":61},"end":{"line":17,"column":null}},{"start":{"line":17,"column":61},"end":{"line":17,"column":null}}]},"8":{"loc":{"start":{"line":16,"column":55},"end":{"line":17,"column":61}},"type":"binary-expr","locations":[{"start":{"line":16,"column":55},"end":{"line":17,"column":null}},{"start":{"line":17,"column":56},"end":{"line":17,"column":61}}]}},"s":{"0":0,"1":0,"2":0,"3":0,"4":0,"5":0,"6":0,"7":0,"8":0,"9":0,"10":0,"11":0,"12":0,"13":0,"14":0,"15":0,"16":0,"17":0,"18":0,"19":0,"20":0,"21":0,"22":0,"23":0,"24":0,"25":0,"26":0,"27":0,"28":0,"29":0,"30":0,"31":0,"32":0,"33":0,"34":0,"35":0,"36":0,"37":0,"38":0,"39":0,"40":0,"41":0,"42":0,"43":0,"44":0,"45":0,"46":0,"47":0,"48":0},"f":{"0":0,"1":0,"2":0,"3":0,"4":0,"5":0,"6":0,"7":0,"8":0,"9":0,"10":0,"11":0,"12":0,"13":0,"14":0,"15":0,"16":0},"b":{"0":[0,0],"1":[0,0],"2":[0,0],"3":[0,0],"4":[0,0],"5":[0,0],"6":[0,0],"7":[0,0],"8":[0,0]}}
,"C:\\Users\\abhis\\Downloads\\Profytron-build1\\apps\\api\\src\\modules\\analytics\\analytics.module.ts": {"path":"C:\\Users\\abhis\\Downloads\\Profytron-build1\\apps\\api\\src\\modules\\analytics\\analytics.module.ts","statementMap":{"0":{"start":{"line":1,"column":0},"end":{"line":1,"column":40}},"1":{"start":{"line":2,"column":0},"end":{"line":2,"column":55}},"2":{"start":{"line":3,"column":0},"end":{"line":3,"column":61}},"3":{"start":{"line":10,"column":7},"end":{"line":10,"column":null}},"4":{"start":{"line":10,"column":13},"end":{"line":10,"column":28}},"5":{"start":{"line":10,"column":13},"end":{"line":10,"column":null}}},"fnMap":{},"branchMap":{},"s":{"0":0,"1":0,"2":0,"3":0,"4":0,"5":0},"f":{},"b":{}}
,"C:\\Users\\abhis\\Downloads\\Profytron-build1\\apps\\api\\src\\modules\\analytics\\analytics.service.ts": {"path":"C:\\Users\\abhis\\Downloads\\Profytron-build1\\apps\\api\\src\\modules\\analytics\\analytics.service.ts","statementMap":{"0":{"start":{"line":1,"column":0},"end":{"line":1,"column":44}},"1":{"start":{"line":2,"column":0},"end":{"line":2,"column":60}},"2":{"start":{"line":24,"column":7},"end":{"line":521,"column":null}},"3":{"start":{"line":25,"column":22},"end":{"line":25,"column":30}},"4":{"start":{"line":27,"column":32},"end":{"line":27,"column":39}},"5":{"start":{"line":30,"column":16},"end":{"line":30,"column":26}},"6":{"start":{"line":31,"column":4},"end":{"line":44,"column":5}},"7":{"start":{"line":33,"column":8},"end":{"line":33,"column":61}},"8":{"start":{"line":35,"column":8},"end":{"line":35,"column":65}},"9":{"start":{"line":37,"column":8},"end":{"line":37,"column":66}},"10":{"start":{"line":39,"column":8},"end":{"line":39,"column":66}},"11":{"start":{"line":41,"column":8},"end":{"line":41,"column":67}},"12":{"start":{"line":43,"column":8},"end":{"line":43,"column":20}},"13":{"start":{"line":48,"column":4},"end":{"line":48,"column":44}},"14":{"start":{"line":52,"column":4},"end":{"line":52,"column":33}},"15":{"start":{"line":52,"column":24},"end":{"line":52,"column":33}},"16":{"start":{"line":53,"column":4},"end":{"line":53,"column":65}},"17":{"start":{"line":53,"column":37},"end":{"line":53,"column":44}},"18":{"start":{"line":57,"column":4},"end":{"line":57,"column":36}},"19":{"start":{"line":57,"column":27},"end":{"line":57,"column":36}},"20":{"start":{"line":58,"column":16},"end":{"line":58,"column":33}},"21":{"start":{"line":59,"column":21},"end":{"line":59,"column":65}},"22":{"start":{"line":59,"column":49},"end":{"line":59,"column":63}},"23":{"start":{"line":60,"column":4},"end":{"line":60,"column":31}},"24":{"start":{"line":64,"column":4},"end":{"line":64,"column":33}},"25":{"start":{"line":64,"column":24},"end":{"line":64,"column":33}},"26":{"start":{"line":65,"column":19},"end":{"line":65,"column":52}},"27":{"start":{"line":65,"column":46},"end":{"line":65,"column":51}},"28":{"start":{"line":66,"column":16},"end":{"line":66,"column":95}},"29":{"start":{"line":67,"column":4},"end":{"line":67,"column":28}},"30":{"start":{"line":71,"column":20},"end":{"line":71,"column":45}},"31":{"start":{"line":72,"column":4},"end":{"line":76,"column":5}},"32":{"start":{"line":73,"column":6},"end":{"line":73,"column":36}},"33":{"start":{"line":73,"column":27},"end":{"line":73,"column":36}},"34":{"start":{"line":74,"column":18},"end":{"line":74,"column":59}},"35":{"start":{"line":75,"column":6},"end":{"line":75,"column":70}},"36":{"start":{"line":78,"column":18},"end":{"line":78,"column":44}},"37":{"start":{"line":79,"column":17},"end":{"line":79,"column":32}},"38":{"start":{"line":80,"column":15},"end":{"line":80,"column":21}},"39":{"start":{"line":82,"column":4},"end":{"line":91,"column":7}},"40":{"start":{"line":83,"column":6},"end":{"line":83,"column":39}},"41":{"start":{"line":84,"column":6},"end":{"line":84,"column":36}},"42":{"start":{"line":85,"column":26},"end":{"line":85,"column":71}},"43":{"start":{"line":86,"column":6},"end":{"line":90,"column":8}},"44":{"start":{"line":95,"column":4},"end":{"line":95,"column":33}},"45":{"start":{"line":95,"column":24},"end":{"line":95,"column":33}},"46":{"start":{"line":96,"column":16},"end":{"line":96,"column":33}},"47":{"start":{"line":97,"column":15},"end":{"line":97,"column":34}},"48":{"start":{"line":98,"column":4},"end":{"line":98,"column":22}},"49":{"start":{"line":98,"column":13},"end":{"line":98,"column":22}},"50":{"start":{"line":99,"column":4},"end":{"line":99,"column":39}},"51":{"start":{"line":103,"column":4},"end":{"line":103,"column":33}},"52":{"start":{"line":103,"column":24},"end":{"line":103,"column":33}},"53":{"start":{"line":104,"column":16},"end":{"line":104,"column":33}},"54":{"start":{"line":105,"column":21},"end":{"line":105,"column":48}},"55":{"start":{"line":105,"column":42},"end":{"line":105,"column":47}},"56":{"start":{"line":106,"column":23},"end":{"line":106,"column":68}},"57":{"start":{"line":107,"column":4},"end":{"line":107,"column":30}},"58":{"start":{"line":107,"column":21},"end":{"line":107,"column":30}},"59":{"start":{"line":108,"column":4},"end":{"line":108,"column":47}},"60":{"start":{"line":112,"column":20},"end":{"line":112,"column":21}},"61":{"start":{"line":113,"column":24},"end":{"line":113,"column":25}},"62":{"start":{"line":114,"column":4},"end":{"line":121,"column":5}},"63":{"start":{"line":115,"column":6},"end":{"line":120,"column":7}},"64":{"start":{"line":116,"column":8},"end":{"line":116,"column":27}},"65":{"start":{"line":117,"column":8},"end":{"line":117,"column":55}},"66":{"start":{"line":119,"column":8},"end":{"line":119,"column":26}},"67":{"start":{"line":122,"column":4},"end":{"line":122,"column":21}},"68":{"start":{"line":126,"column":4},"end":{"line":126,"column":32}},"69":{"start":{"line":126,"column":19},"end":{"line":126,"column":32}},"70":{"start":{"line":127,"column":4},"end":{"line":127,"column":33}},"71":{"start":{"line":127,"column":19},"end":{"line":127,"column":33}},"72":{"start":{"line":128,"column":4},"end":{"line":128,"column":33}},"73":{"start":{"line":128,"column":19},"end":{"line":128,"column":33}},"74":{"start":{"line":129,"column":4},"end":{"line":129,"column":35}},"75":{"start":{"line":129,"column":20},"end":{"line":129,"column":35}},"76":{"start":{"line":130,"column":4},"end":{"line":130,"column":34}},"77":{"start":{"line":130,"column":20},"end":{"line":130,"column":34}},"78":{"start":{"line":131,"column":4},"end":{"line":131,"column":17}},"79":{"start":{"line":135,"column":18},"end":{"line":135,"column":40}},"80":{"start":{"line":136,"column":4},"end":{"line":151,"column":47}},"81":{"start":{"line":155,"column":19},"end":{"line":155,"column":60}},"82":{"start":{"line":157,"column":4},"end":{"line":173,"column":5}},"83":{"start":{"line":158,"column":6},"end":{"line":172,"column":8}},"84":{"start":{"line":175,"column":22},"end":{"line":175,"column":54}},"85":{"start":{"line":175,"column":40},"end":{"line":175,"column":53}},"86":{"start":{"line":176,"column":18},"end":{"line":176,"column":48}},"87":{"start":{"line":176,"column":42},"end":{"line":176,"column":47}},"88":{"start":{"line":177,"column":19},"end":{"line":177,"column":49}},"89":{"start":{"line":177,"column":43},"end":{"line":177,"column":48}},"90":{"start":{"line":178,"column":24},"end":{"line":178,"column":64}},"91":{"start":{"line":178,"column":53},"end":{"line":178,"column":60}},"92":{"start":{"line":179,"column":26},"end":{"line":179,"column":38}},"93":{"start":{"line":180,"column":20},"end":{"line":180,"column":57}},"94":{"start":{"line":181,"column":24},"end":{"line":181,"column":60}},"95":{"start":{"line":181,"column":49},"end":{"line":181,"column":56}},"96":{"start":{"line":182,"column":25},"end":{"line":182,"column":72}},"97":{"start":{"line":182,"column":60},"end":{"line":182,"column":67}},"98":{"start":{"line":183,"column":25},"end":{"line":183,"column":97}},"99":{"start":{"line":184,"column":19},"end":{"line":184,"column":54}},"100":{"start":{"line":185,"column":20},"end":{"line":185,"column":57}},"101":{"start":{"line":186,"column":19},"end":{"line":186,"column":48}},"102":{"start":{"line":187,"column":20},"end":{"line":187,"column":50}},"103":{"start":{"line":189,"column":24},"end":{"line":189,"column":53}},"104":{"start":{"line":190,"column":24},"end":{"line":190,"column":95}},"105":{"start":{"line":190,"column":59},"end":{"line":190,"column":91}},"106":{"start":{"line":191,"column":24},"end":{"line":191,"column":104}},"107":{"start":{"line":191,"column":59},"end":{"line":191,"column":86}},"108":{"start":{"line":193,"column":23},"end":{"line":193,"column":48}},"109":{"start":{"line":194,"column":4},"end":{"line":198,"column":5}},"110":{"start":{"line":195,"column":6},"end":{"line":195,"column":36}},"111":{"start":{"line":195,"column":27},"end":{"line":195,"column":36}},"112":{"start":{"line":196,"column":18},"end":{"line":196,"column":58}},"113":{"start":{"line":197,"column":6},"end":{"line":197,"column":76}},"114":{"start":{"line":199,"column":22},"end":{"line":199,"column":90}},"115":{"start":{"line":199,"column":68},"end":{"line":199,"column":86}},"116":{"start":{"line":201,"column":4},"end":{"line":215,"column":6}},"117":{"start":{"line":219,"column":19},"end":{"line":219,"column":60}},"118":{"start":{"line":220,"column":20},"end":{"line":220,"column":45}},"119":{"start":{"line":222,"column":4},"end":{"line":226,"column":5}},"120":{"start":{"line":223,"column":6},"end":{"line":223,"column":36}},"121":{"start":{"line":223,"column":27},"end":{"line":223,"column":36}},"122":{"start":{"line":224,"column":20},"end":{"line":224,"column":60}},"123":{"start":{"line":225,"column":6},"end":{"line":225,"column":74}},"124":{"start":{"line":228,"column":25},"end":{"line":228,"column":51}},"125":{"start":{"line":229,"column":24},"end":{"line":229,"column":39}},"126":{"start":{"line":231,"column":19},"end":{"line":246,"column":6}},"127":{"start":{"line":232,"column":18},"end":{"line":232,"column":41}},"128":{"start":{"line":233,"column":19},"end":{"line":233,"column":57}},"129":{"start":{"line":234,"column":24},"end":{"line":234,"column":42}},"130":{"start":{"line":235,"column":6},"end":{"line":235,"column":27}},"131":{"start":{"line":236,"column":26},"end":{"line":236,"column":42}},"132":{"start":{"line":237,"column":19},"end":{"line":237,"column":56}},"133":{"start":{"line":238,"column":6},"end":{"line":245,"column":8}},"134":{"
[...]
rt":{"line":453,"column":23},"end":{"line":453,"column":24}},"loc":{"start":{"line":453,"column":34},"end":{"line":453,"column":58}}},"22":{"name":"(anonymous_27)","decl":{"start":{"line":455,"column":23},"end":{"line":455,"column":24}},"loc":{"start":{"line":455,"column":34},"end":{"line":455,"column":59}}}},"branchMap":{"0":{"loc":{"start":{"line":50,"column":19},"end":{"line":50,"column":36}},"type":"binary-expr","locations":[{"start":{"line":50,"column":19},"end":{"line":50,"column":21}},{"start":{"line":50,"column":25},"end":{"line":50,"column":36}}]},"1":{"loc":{"start":{"line":64,"column":6},"end":{"line":66,"column":25}},"type":"binary-expr","locations":[{"start":{"line":64,"column":6},"end":{"line":66,"column":20}},{"start":{"line":66,"column":24},"end":{"line":66,"column":25}}]},"2":{"loc":{"start":{"line":65,"column":19},"end":{"line":65,"column":75}},"type":"binary-expr","locations":[{"start":{"line":65,"column":19},"end":{"line":65,"column":48}},{"start":{"line":65,"column":52},"end":{"line":65,"column":75}}]},"3":{"loc":{"start":{"line":89,"column":52},"end":{"line":89,"column":62}},"type":"default-arg","locations":[{"start":{"line":89,"column":60},"end":{"line":89,"column":62}}]},"4":{"loc":{"start":{"line":92,"column":10},"end":{"line":92,"column":30}},"type":"cond-expr","locations":[{"start":{"line":92,"column":17},"end":{"line":92,"column":25}},{"start":{"line":92,"column":28},"end":{"line":92,"column":30}}]},"5":{"loc":{"start":{"line":93,"column":10},"end":{"line":93,"column":34}},"type":"cond-expr","locations":[{"start":{"line":93,"column":19},"end":{"line":93,"column":29}},{"start":{"line":93,"column":32},"end":{"line":93,"column":34}}]},"6":{"loc":{"start":{"line":94,"column":10},"end":{"line":101,"column":12}},"type":"cond-expr","locations":[{"start":{"line":95,"column":10},"end":{"line":100,"column":null}},{"start":{"line":101,"column":10},"end":{"line":101,"column":12}}]},"7":{"loc":{"start":{"line":94,"column":10},"end":{"line":94,"column":28}},"type":"binary-expr","locations":[{"start":{"line":94,"column":10},"end":{"line":94,"column":18}},{"start":{"line":94,"column":22},"end":{"line":94,"column":28}}]},"8":{"loc":{"start":{"line":97,"column":18},"end":{"line":97,"column":61}},"type":"cond-expr","locations":[{"start":{"line":97,"column":29},"end":{"line":97,"column":56}},{"start":{"line":97,"column":59},"end":{"line":97,"column":61}}]},"9":{"loc":{"start":{"line":98,"column":18},"end":{"line":98,"column":57}},"type":"cond-expr","locations":[{"start":{"line":98,"column":27},"end":{"line":98,"column":52}},{"start":{"line":98,"column":55},"end":{"line":98,"column":57}}]},"10":{"loc":{"start":{"line":102,"column":10},"end":{"line":102,"column":63}},"type":"cond-expr","locations":[{"start":{"line":102,"column":19},"end":{"line":102,"column":58}},{"start":{"line":102,"column":61},"end":{"line":102,"column":63}}]},"11":{"loc":{"start":{"line":114,"column":14},"end":{"line":114,"column":34}},"type":"cond-expr","locations":[{"start":{"line":114,"column":21},"end":{"line":114,"column":29}},{"start":{"line":114,"column":32},"end":{"line":114,"column":34}}]},"12":{"loc":{"start":{"line":115,"column":14},"end":{"line":115,"column":38}},"type":"cond-expr","locations":[{"start":{"line":115,"column":23},"end":{"line":115,"column":33}},{"start":{"line":115,"column":36},"end":{"line":115,"column":38}}]},"13":{"loc":{"start":{"line":116,"column":14},"end":{"line":123,"column":16}},"type":"cond-expr","locations":[{"start":{"line":117,"column":14},"end":{"line":122,"column":null}},{"start":{"line":123,"column":14},"end":{"line":123,"column":16}}]},"14":{"loc":{"start":{"line":116,"column":14},"end":{"line":116,"column":32}},"type":"binary-expr","locations":[{"start":{"line":116,"column":14},"end":{"line":116,"column":22}},{"start":{"line":116,"column":26},"end":{"line":116,"column":32}}]},"15":{"loc":{"start":{"line":119,"column":22},"end":{"line":119,"column":65}},"type":"cond-expr","locations":[{"start":{"line":119,"column":33},"end":{"line":119,"column":60}},{"start":{"line":119,"column":63},"end":{"line":119,"column":65}}]},"16":{"loc":{"start":{"line":120,"column":22},"end":{"line":120,"column":61}},"type":"cond-expr","locations":[{"start":{"line":120,"column":31},"end":{"line":120,"column":56}},{"start":{"line":120,"column":59},"end":{"line":120,"column":61}}]},"17":{"loc":{"start":{"line":129,"column":25},"end":{"line":129,"column":62}},"type":"cond-expr","locations":[{"start":{"line":129,"column":35},"end":{"line":129,"column":55}},{"start":{"line":129,"column":58},"end":{"line":129,"column":62}}]},"18":{"loc":{"start":{"line":130,"column":23},"end":{"line":132,"column":12}},"type":"cond-expr","locations":[{"start":{"line":131,"column":8},"end":{"line":131,"column":69}},{"start":{"line":132,"column":8},"end":{"line":132,"column":12}}]},"19":{"loc":{"start":{"line":153,"column":4},"end":{"line":155,"column":5}},"type":"if","locations":[{"start":{"line":153,"column":4},"end":{"line":155,"column":5}},{"start":{},"end":{}}]},"20":{"loc":{"start":{"line":198,"column":4},"end":{"line":200,"column":5}},"type":"if","locations":[{"start":{"line":198,"column":4},"end":{"line":200,"column":5}},{"start":{},"end":{}}]},"21":{"loc":{"start":{"line":202,"column":4},"end":{"line":204,"column":5}},"type":"if","locations":[{"start":{"line":202,"column":4},"end":{"line":204,"column":5}},{"start":{},"end":{}}]},"22":{"loc":{"start":{"line":206,"column":4},"end":{"line":208,"column":5}},"type":"if","locations":[{"start":{"line":206,"column":4},"end":{"line":208,"column":5}},{"start":{},"end":{}}]},"23":{"loc":{"start":{"line":227,"column":4},"end":{"line":229,"column":5}},"type":"if","locations":[{"start":{"line":227,"column":4},"end":{"line":229,"column":5}},{"start":{},"end":{}}]},"24":{"loc":{"start":{"line":231,"column":4},"end":{"line":233,"column":5}},"type":"if","locations":[{"start":{"line":231,"column":4},"end":{"line":233,"column":5}},{"start":{},"end":{}}]},"25":{"loc":{"start":{"line":235,"column":4},"end":{"line":237,"column":5}},"type":"if","locations":[{"start":{"line":235,"column":4},"end":{"line":237,"column":5}},{"start":{},"end":{}}]},"26":{"loc":{"start":{"line":241,"column":4},"end":{"line":243,"column":5}},"type":"if","locations":[{"start":{"line":241,"column":4},"end":{"line":243,"column":5}},{"start":{},"end":{}}]},"27":{"loc":{"start":{"line":247,"column":6},"end":{"line":249,"column":7}},"type":"if","locations":[{"start":{"line":247,"column":6},"end":{"line":249,"column":7}},{"start":{},"end":{}}]},"28":{"loc":{"start":{"line":260,"column":21},"end":{"line":260,"column":60}},"type":"binary-expr","locations":[{"start":{"line":260,"column":21},"end":{"line":260,"column":36}},{"start":{"line":260,"column":40},"end":{"line":260,"column":60}}]},"29":{"loc":{"start":{"line":263,"column":25},"end":{"line":263,"column":64}},"type":"binary-expr","locations":[{"start":{"line":263,"column":25},"end":{"line":263,"column":40}},{"start":{"line":263,"column":44},"end":{"line":263,"column":64}}]},"30":{"loc":{"start":{"line":288,"column":4},"end":{"line":290,"column":5}},"type":"if","locations":[{"start":{"line":288,"column":4},"end":{"line":290,"column":5}},{"start":{},"end":{}}]},"31":{"loc":{"start":{"line":316,"column":27},"end":{"line":316,"column":54}},"type":"binary-expr","locations":[{"start":{"line":316,"column":27},"end":{"line":316,"column":49}},{"start":{"line":316,"column":53},"end":{"line":316,"column":54}}]},"32":{"loc":{"start":{"line":318,"column":6},"end":{"line":320,"column":24}},"type":"cond-expr","locations":[{"start":{"line":319,"column":10},"end":{"line":319,"column":60}},{"start":{"line":320,"column":10},"end":{"line":320,"column":24}}]},"33":{"loc":{"start":{"line":367,"column":6},"end":{"line":369,"column":7}},"type":"if","locations":[{"start":{"line":367,"column":6},"end":{"line":369,"column":7}},{"start":{},"end":{}}]},"34":{"loc":{"start":{"line":377,"column":8},"end":{"line":379,"column":39}},"type":"cond-expr","locations":[{"start":{"line":378,"column":12},"end":{"line":378,"column":39}},{"start":{"line":379,"column":12},"end":{"line":379,"column":39}}]},"35":{"loc":{"start":{"line":387,"column":18},"end":{"line":387,"column":43}},"type":"binary-expr","locations":[{"start":{"line":387,"column":18},"end":{"line":387,"column":28}},{"start":{"line":387,"column":32},"end":{"line":387,"column":43}}]},"36":{"loc":{"start":{"line":400,"column":4},"end":{"line":402,"column":5}},"type":"if","locations":[{"start":{"line":400,"column":4},"end":{"line":402,"column":5}},{"start":{},"end":{}}]},"37":{"loc":{"start":{"line":420,"column":4},"end":{"line":432,"column":5}},"type":"if","locations":[{"start":{"line":420,"column":4},"end":{"line":432,"column":5}},{"start":{},"end":{}}]},"38":{"loc":{"start":{"line":423,"column":6},"end":{"line":428,"column":7}},"type":"if","locations":[{"start":{"line":423,"column":6},"end":{"line":428,"column":7}},{"start":{},"end":{}}]},"39":{"loc":{"start":{"line":434,"column":4},"end":{"line":489,"column":5}},"type":"if","locations":[{"start":{"line":434,"column":4},"end":{"line":489,"column":5}},{"start":{},"end":{}}]},"40":{"loc":{"start":{"line":438,"column":6},"end":{"line":443,"column":7}},"type":"if","locations":[{"start":{"line":438,"column":6},"end":{"line":443,"column":7}},{"start":{},"end":{}}]},"41":{"loc":{"start":{"line":438,"column":10},"end":{"line":438,"column":32}},"type":"binary-expr","locations":[{"start":{"line":438,"column":10},"end":{"line":438,"column":17}},{"start":{"line":438,"column":21},"end":{"line":438,"column":32}}]},"42":{"loc":{"start":{"line":444,"column":22},"end":{"line":444,"column":47}},"type":"binary-expr","locations":[{"start":{"line":444,"column":22},"end":{"line":444,"column":42}},{"start":{"line":444,"column":46},"end":{"line":444,"column":47}}]},"43":{"loc":{"start":{"line":453,"column":10},"end":{"line":453,"column":77}},"type":"binary-expr","locations":[{"start":{"line":453,"column":10},"end":{"line":453,"column":72}},{"start":{"line":453,"column":76},"end":{"line":453,"column":77}}]},"44":{"loc":{"start":{"line":455,"column":10},"end":{"line":455,"column":78}},"type":"binary-expr","locations":[{"start":{"line":455,"column":10},"end":{"line":455,"column":73}},{"start":{"line":455,"column":77},"end":{"line":455,"column":78}}]},"45":{"loc":{"start":{"line":36,"column":29},"end":{"line":36,"column":null}},"type":"cond-expr","locations":[{"start":{"line":36,"column":42},"end":{"line":36,"column":null}},{"start":{"line":36,"column":42},"end":{"line":36,"column":null}}]},"46":{"loc":{"start":{"line":36,"column":29},"end":{"line":36,"column":42}},"type":"binary-expr","locations":[{"start":{"line":36,"column":29},"end":{"line":36,"column":null}},{"start":{"line":36,"column":29},"end":{"line":36,"column":42}}]}},"s":{"0":0,"1":0,"2":0,"3":0,"4":0,"5":0,"6":0,"7":0,"8":0,"9":0,"10":0,"11":0,"12":0,"13":0,"14":0,"15":0,"16":0,"17":0,"18":0,"19":0,"20":0,"21":0,"22":0,"23":0,"24":0,"25":0,"26":0,"27":0,"28":0,"29":0,"30":0,"31":0,"32":0,"33":0,"34":0,"35":0,"36":0,"37":0,"38":0,"39":0,"40":0,"41":0,"42":0,"43":0,"44":0,"45":0,"46":0,"47":0,"48":0,"49":0,"50":0,"51":0,"52":0,"53":0,"54":0,"55":0,"56":0,"57":0,"58":0,"59":0,"60":0,"61":0,"62":0,"63":0,"64":0,"65":0,"66":0,"67":0,"68":0,"69":0,"70":0,"71":0,"72":0,"73":0,"74":0,"75":0,"76":0,"77":0,"78":0,"79":0,"80":0,"81":0,"82":0,"83":0,"84":0,"85":0,"86":0,"87":0,"88":0,"89":0,"90":0,"91":0,"92":0,"93":0,"94":0,"95":0,"96":0,"97":0,"98":0,"99":0,"100":0,"101":0,"102":0,"103":0,"104":0,"105":0,"106":0,"107":0,"108":0,"109":0,"110":0,"111":0,"112":0,"113":0,"114":0,"115":0,"116":0,"117":0,"118":0,"119":0,"120":0,"121":0,"122":0,"123":0,"124":0,"125":0,"126":0,"127":0,"128":0,"129":0,"130":0,"131":0,"132":0,"133":0,"134":0,"135":0,"136":0,"137":0,"138":0,"139":0,"140":0,"141":0,"142":0,"143":0,"144":0,"145":0,"146":0,"147":0,"148":0,"149":0},"f":{"0":0,"1":0,"2":0,"3":0,"4":0,"5":0,"6":0,"7":0,"8":0,"9":0,"10":0,"11":0,"12":0,"13":0,"14":0,"15":0,"16":0,"17":0,"18":0,"19":0,"20":0,"21":0,"22":0},"b":{"0":[0,0],"1":[0,0],"2":[0,0],"3":[0],"4":[0,0],"5":[0,0],"6":[0,0],"7":[0,0],"8":[0,0],"9":[0,0],"10":[0,0],"11":[0,0],"12":[0,0],"13":[0,0],"14":[0,0],"15":[0,0],"16":[0,0],"17":[0,0],"18":[0,0],"19":[0,0],"20":[0,0],"21":[0,0],"22":[0,0],"23":[0,0],"24":[0,0],"25":[0,0],"26":[0,0],"27":[0,0],"28":[0,0],"29":[0,0],"30":[0,0],"31":[0,0],"32":[0,0],"33":[0,0],"34":[0,0],"35":[0,0],"36":[0,0],"37":[0,0],"38":[0,0],"39":[0,0],"40":[0,0],"41":[0,0],"42":[0,0],"43":[0,0],"44":[0,0],"45":[0,0],"46":[0,0]}}
,"C:\\Users\\abhis\\Downloads\\Profytron-build1\\apps\\api\\src\\modules\\wallet\\dto\\wallet.dto.ts": {"path":"C:\\Users\\abhis\\Downloads\\Profytron-build1\\apps\\api\\src\\modules\\wallet\\dto\\wallet.dto.ts","statementMap":{"0":{"start":{"line":1,"column":0},"end":{"line":1,"column":90}},"1":{"start":{"line":2,"column":0},"end":{"line":2,"column":null}},"2":{"start":{"line":15,"column":0},"end":{"line":15,"column":13}},"3":{"start":{"line":18,"column":2},"end":{"line":18,"column":null}},"4":{"start":{"line":21,"column":0},"end":{"line":21,"column":13}},"5":{"start":{"line":24,"column":2},"end":{"line":24,"column":null}},"6":{"start":{"line":29,"column":2},"end":{"line":29,"column":null}},"7":{"start":{"line":33,"column":2},"end":{"line":33,"column":null}},"8":{"start":{"line":36,"column":0},"end":{"line":36,"column":13}},"9":{"start":{"line":39,"column":2},"end":{"line":39,"column":null}},"10":{"start":{"line":43,"column":2},"end":{"line":43,"column":null}},"11":{"start":{"line":47,"column":2},"end":{"line":47,"column":null}},"12":{"start":{"line":51,"column":2},"end":{"line":51,"column":null}},"13":{"start":{"line":55,"column":2},"end":{"line":55,"column":null}},"14":{"start":{"line":61,"column":2},"end":{"line":61,"column":null}},"15":{"start":{"line":64,"column":0},"end":{"line":64,"column":13}},"16":{"start":{"line":66,"column":2},"end":{"line":66,"column":null}},"17":{"start":{"line":69,"column":2},"end":{"line":69,"column":null}},"18":{"start":{"line":73,"column":2},"end":{"line":73,"column":null}},"19":{"start":{"line":77,"column":2},"end":{"line":77,"column":null}},"20":{"start":{"line":80,"column":2},"end":{"line":80,"column":null}},"21":{"start":{"line":83,"column":2},"end":{"line":83,"column":null}},"22":{"start":{"line":87,"column":2},"end":{"line":87,"column":null}},"23":{"start":{"line":91,"column":2},"end":{"line":91,"column":null}}},"fnMap":{},"branchMap":{"0":{"loc":{"start":{"line":39,"column":9},"end":{"line":39,"column":25}},"type":"cond-expr","locations":[{"start":{"line":39,"column":24},"end":{"line":39,"column":25}},{"start":{"line":39,"column":24},"end":{"line":39,"column":25}}]},"1":{"loc":{"start":{"line":39,"column":9},"end":{"line":39,"column":24}},"type":"binary-expr","locations":[{"start":{"line":39,"column":9},"end":{"line":39,"column":25}},{"start":{"line":39,"column":9},"end":{"line":39,"column":24}}]},"2":{"loc":{"start":{"line":43,"column":11},"end":{"line":43,"column":29}},"type":"cond-expr","locations":[{"start":{"line":43,"column":28},"end":{"line":43,"column":29}},{"start":{"line":43,"column":28},"end":{"line":43,"column":29}}]},"3":{"loc":{"start":{"line":43,"column":11},"end":{"line":43,"column":28}},"type":"binary-expr","locations":[{"start":{"line":43,"column":11},"end":{"line":43,"column":29}},{"start":{"line":43,"column":11},"end":{"line":43,"column":28}}]},"4":{"loc":{"start":{"line":66,"column":8},"end":{"line":66,"column":24}},"type":"cond-expr","locations":[{"start":{"line":66,"column":23},"end":{"line":66,"column":24}},{"start":{"line":66,"column":23},"end":{"line":66,"column":24}}]},"5":{"loc":{"start":{"line":66,"column":8},"end":{"line":66,"column":23}},"type":"binary-expr","locations":[{"start":{"line":66,"column":8},"end":{"line":66,"column":24}},{"start":{"line":66,"column":8},"end":{"line":66,"column":23}}]},"6":{"loc":{"start":{"line":69,"column":13},"end":{"line":69,"column":34}},"type":"cond-expr","locations":[{"start":{"line":69,"column":33},"end":{"line":69,"column":34}},{"start":{"line":69,"column":33},"end":{"line":69,"column":34}}]},"7":{"loc":{"start":{"line":69,"column":13},"end":{"line":69,"column":33}},"type":"binary-expr","locations":[{"start":{"line":69,"column":13},"end":{"line":69,"column":34}},{"start":{"line":69,"column":13},"end":{"line":69,"column":33}}]},"8":{"loc":{"start":{"line":77,"column":11},"end":{"line":77,"column":29}},"type":"cond-expr","locations":[{"start":{"line":77,"column":28},"end":{"line":77,"column":29}},{"start":{"line":77,"column":28},"end":{"line":77,"column":29}}]},"9":{"loc":{"start":{"line":77,"column":11},"end":{"line":77,"column":28}},"type":"binary-expr","locations":[{"start":{"line":77,"column":11},"end":{"line":77,"column":29}},{"start":{"line":77,"column":11},"end":{"line":77,"column":28}}]},"10":{"loc":{"start":{"line":83,"column":17},"end":{"line":83,"column":41}},"type":"cond-expr","locations":[{"start":{"line":83,"column":23},"end":{"line":83,"column":41}},{"start":{"line":83,"column":23},"end":{"line":83,"column":41}}]},"11":{"loc":{"start":{"line":83,"column":17},"end":{"line":83,"column":23}},"type":"binary-expr","locations":[{"start":{"line":83,"column":17},"end":{"line":83,"column":41}},{"start":{"line":83,"column":17},"end":{"line":83,"column":23}}]}},"s":{"0":0,"1":0,"2":0,"3":0,"4":0,"5":0,"6":0,"7":0,"8":0,"9":0,"10":0,"11":0,"12":0,"13":0,"14":0,"15":0,"16":0,"17":0,"18":0,"19":0,"20":0,"21":0,"22":0,"23":0},"f":{},"b":{"0":[0,0],"1":[0,0],"2":[0,0],"3":[0,0],"4":[0,0],"5":[0,0],"6":[0,0],"7":[0,0],"8":[0,0],"9":[0,0],"10":[0,0],"11":[0,0]}}
,"C:\\Users\\abhis\\Downloads\\Profytron-build1\\apps\\api\\src\\modules\\websocket\\websocket.module.ts": {"path":"C:\\Users\\abhis\\Downloads\\Profytron-build1\\apps\\api\\src\\modules\\websocket\\websocket.module.ts","statementMap":{"0":{"start":{"line":1,"column":0},"end":{"line":1,"column":40}},"1":{"start":{"line":2,"column":0},"end":{"line":2,"column":58}},"2":{"start":{"line":8,"column":7},"end":{"line":8,"column":null}},"3":{"start":{"line":8,"column":13},"end":{"line":8,"column":28}},"4":{"start":{"line":8,"column":13},"end":{"line":8,"column":null}}},"fnMap":{},"branchMap":{},"s":{"0":0,"1":0,"2":0,"3":0,"4":0},"f":{},"b":{}}
,"C:\\Users\\abhis\\Downloads\\Profytron-build1\\apps\\api\\src\\prisma\\prisma.module.ts": {"path":"C:\\Users\\abhis\\Downloads\\Profytron-build1\\apps\\api\\src\\prisma\\prisma.module.ts","statementMap":{"0":{"start":{"line":1,"column":0},"end":{"line":1,"column":48}},"1":{"start":{"line":2,"column":0},"end":{"line":2,"column":49}},"2":{"start":{"line":9,"column":7},"end":{"line":9,"column":null}},"3":{"start":{"line":9,"column":13},"end":{"line":9,"column":25}},"4":{"start":{"line":9,"column":13},"end":{"line":9,"column":null}}},"fnMap":{},"branchMap":{},"s":{"0":0,"1":0,"2":0,"3":0,"4":0},"f":{},"b":{}}
,"C:\\Users\\abhis\\Downloads\\Profytron-build1\\apps\\api\\src\\prisma\\prisma.service.ts": {"path":"C:\\Users\\abhis\\Downloads\\Profytron-build1\\apps\\api\\src\\prisma\\prisma.service.ts","statementMap":{"0":{"start":{"line":1,"column":0},"end":{"line":1,"column":75}},"1":{"start":{"line":2,"column":0},"end":{"line":2,"column":46}},"2":{"start":{"line":5,"column":7},"end":{"line":16,"column":null}},"3":{"start":{"line":10,"column":4},"end":{"line":10,"column":26}},"4":{"start":{"line":14,"column":4},"end":{"line":14,"column":29}},"5":{"start":{"line":5,"column":13},"end":{"line":5,"column":26}},"6":{"start":{"line":5,"column":13},"end":{"line":16,"column":null}}},"fnMap":{"0":{"name":"(anonymous_1)","decl":{"start":{"line":9,"column":2},"end":{"line":9,"column":7}},"loc":{"start":{"line":9,"column":20},"end":{"line":11,"column":3}}},"1":{"name":"(anonymous_2)","decl":{"start":{"line":13,"column":2},"end":{"line":13,"column":7}},"loc":{"start":{"line":13,"column":23},"end":{"line":15,"column":3}}}},"branchMap":{},"s":{"0":2,"1":2,"2":2,"3":0,"4":0,"5":2,"6":2},"f":{"0":0,"1":0},"b":{}}
}
